::1 - - [06/Oct/2018:15:14:02 +0000] "GET / HTTP/1.1" 500 1837 "-" "Mozilla/5.0 (Windows NT 10.0; Win64; x64) AppleWebKit/537.36 (KHTML, like Gecko) Chrome/69.0.3497.100 Safari/537.36"
::1 - - [06/Oct/2018:15:15:59 +0000] "GET / HTTP/1.1" 500 1969 "-" "Mozilla/5.0 (Windows NT 10.0; Win64; x64) AppleWebKit/537.36 (KHTML, like Gecko) Chrome/69.0.3497.100 Safari/537.36"
::1 - - [06/Oct/2018:15:16:34 +0000] "GET / HTTP/1.1" 200 4455 "-" "Mozilla/5.0 (Windows NT 10.0; Win64; x64) AppleWebKit/537.36 (KHTML, like Gecko) Chrome/69.0.3497.100 Safari/537.36"
::1 - - [06/Oct/2018:15:16:45 +0000] "GET /contact.html HTTP/1.1" 404 151 "http://localhost:8081/" "Mozilla/5.0 (Windows NT 10.0; Win64; x64) AppleWebKit/537.36 (KHTML, like Gecko) Chrome/69.0.3497.100 Safari/537.36"
::1 - - [06/Oct/2018:15:17:04 +0000] "GET /tic-tac-toe.html HTTP/1.1" 404 155 "http://localhost:8081/" "Mozilla/5.0 (Windows NT 10.0; Win64; x64) AppleWebKit/537.36 (KHTML, like Gecko) Chrome/69.0.3497.100 Safari/537.36"
::1 - - [06/Oct/2018:15:17:45 +0000] "GET /contact.html HTTP/1.1" 404 151 "http://localhost:8081/" "Mozilla/5.0 (Windows NT 10.0; Win64; x64) AppleWebKit/537.36 (KHTML, like Gecko) Chrome/69.0.3497.100 Safari/537.36"
::1 - - [06/Oct/2018:15:18:10 +0000] "GET /contact.html HTTP/1.1" 404 151 "http://localhost:8081/" "Mozilla/5.0 (Windows NT 10.0; Win64; x64) AppleWebKit/537.36 (KHTML, like Gecko) Chrome/69.0.3497.100 Safari/537.36"
::1 - - [06/Oct/2018:15:18:48 +0000] "GET / HTTP/1.1" 200 4440 "-" "Mozilla/5.0 (Windows NT 10.0; Win64; x64) AppleWebKit/537.36 (KHTML, like Gecko) Chrome/69.0.3497.100 Safari/537.36"
::1 - - [06/Oct/2018:15:18:49 +0000] "GET /contact HTTP/1.1" 200 5696 "http://localhost:8081/" "Mozilla/5.0 (Windows NT 10.0; Win64; x64) AppleWebKit/537.36 (KHTML, like Gecko) Chrome/69.0.3497.100 Safari/537.36"
::1 - - [06/Oct/2018:15:18:51 +0000] "GET /about.html HTTP/1.1" 404 149 "http://localhost:8081/contact" "Mozilla/5.0 (Windows NT 10.0; Win64; x64) AppleWebKit/537.36 (KHTML, like Gecko) Chrome/69.0.3497.100 Safari/537.36"
::1 - - [06/Oct/2018:15:19:00 +0000] "GET / HTTP/1.1" 304 - "-" "Mozilla/5.0 (Windows NT 10.0; Win64; x64) AppleWebKit/537.36 (KHTML, like Gecko) Chrome/69.0.3497.100 Safari/537.36"
::1 - - [06/Oct/2018:15:19:01 +0000] "GET /tic-tac-toe HTTP/1.1" 500 2203 "http://localhost:8081/" "Mozilla/5.0 (Windows NT 10.0; Win64; x64) AppleWebKit/537.36 (KHTML, like Gecko) Chrome/69.0.3497.100 Safari/537.36"
::1 - - [06/Oct/2018:15:19:04 +0000] "GET /contact HTTP/1.1" 304 - "http://localhost:8081/" "Mozilla/5.0 (Windows NT 10.0; Win64; x64) AppleWebKit/537.36 (KHTML, like Gecko) Chrome/69.0.3497.100 Safari/537.36"
::1 - - [06/Oct/2018:15:19:34 +0000] "GET / HTTP/1.1" 200 4446 "-" "Mozilla/5.0 (Windows NT 10.0; Win64; x64) AppleWebKit/537.36 (KHTML, like Gecko) Chrome/69.0.3497.100 Safari/537.36"
::1 - - [06/Oct/2018:15:19:36 +0000] "GET /contact HTTP/1.1" 304 - "http://localhost:8081/" "Mozilla/5.0 (Windows NT 10.0; Win64; x64) AppleWebKit/537.36 (KHTML, like Gecko) Chrome/69.0.3497.100 Safari/537.36"
::1 - - [06/Oct/2018:15:19:55 +0000] "GET /contact HTTP/1.1" 304 - "http://localhost:8081/" "Mozilla/5.0 (Windows NT 10.0; Win64; x64) AppleWebKit/537.36 (KHTML, like Gecko) Chrome/69.0.3497.100 Safari/537.36"
::1 - - [06/Oct/2018:15:19:57 +0000] "GET /contact HTTP/1.1" 304 - "http://localhost:8081/" "Mozilla/5.0 (Windows NT 10.0; Win64; x64) AppleWebKit/537.36 (KHTML, like Gecko) Chrome/69.0.3497.100 Safari/537.36"
::1 - - [06/Oct/2018:15:20:00 +0000] "GET /index.html HTTP/1.1" 404 149 "http://localhost:8081/contact" "Mozilla/5.0 (Windows NT 10.0; Win64; x64) AppleWebKit/537.36 (KHTML, like Gecko) Chrome/69.0.3497.100 Safari/537.36"
::1 - - [06/Oct/2018:15:20:06 +0000] "GET / HTTP/1.1" 200 4451 "-" "Mozilla/5.0 (Windows NT 10.0; Win64; x64) AppleWebKit/537.36 (KHTML, like Gecko) Chrome/69.0.3497.100 Safari/537.36"
::1 - - [06/Oct/2018:15:20:09 +0000] "GET /contact HTTP/1.1" 304 - "http://localhost:8081/" "Mozilla/5.0 (Windows NT 10.0; Win64; x64) AppleWebKit/537.36 (KHTML, like Gecko) Chrome/69.0.3497.100 Safari/537.36"
::1 - - [06/Oct/2018:15:20:27 +0000] "GET /about.html HTTP/1.1" 404 149 "http://localhost:8081/contact" "Mozilla/5.0 (Windows NT 10.0; Win64; x64) AppleWebKit/537.36 (KHTML, like Gecko) Chrome/69.0.3497.100 Safari/537.36"
::1 - - [06/Oct/2018:15:21:21 +0000] "GET / HTTP/1.1" 304 - "-" "Mozilla/5.0 (Windows NT 10.0; Win64; x64) AppleWebKit/537.36 (KHTML, like Gecko) Chrome/69.0.3497.100 Safari/537.36"
::1 - - [06/Oct/2018:15:21:24 +0000] "GET /contact HTTP/1.1" 200 5521 "http://localhost:8081/" "Mozilla/5.0 (Windows NT 10.0; Win64; x64) AppleWebKit/537.36 (KHTML, like Gecko) Chrome/69.0.3497.100 Safari/537.36"
::1 - - [06/Oct/2018:15:22:27 +0000] "GET /contact HTTP/1.1" 200 5553 "http://localhost:8081/" "Mozilla/5.0 (Windows NT 10.0; Win64; x64) AppleWebKit/537.36 (KHTML, like Gecko) Chrome/69.0.3497.100 Safari/537.36"
::1 - - [06/Oct/2018:15:22:35 +0000] "GET /contact HTTP/1.1" 304 - "http://localhost:8081/contact" "Mozilla/5.0 (Windows NT 10.0; Win64; x64) AppleWebKit/537.36 (KHTML, like Gecko) Chrome/69.0.3497.100 Safari/537.36"
::1 - - [06/Oct/2018:15:22:38 +0000] "GET /index HTTP/1.1" 404 144 "http://localhost:8081/contact" "Mozilla/5.0 (Windows NT 10.0; Win64; x64) AppleWebKit/537.36 (KHTML, like Gecko) Chrome/69.0.3497.100 Safari/537.36"
::1 - - [06/Oct/2018:15:22:52 +0000] "GET /index HTTP/1.1" 404 144 "http://localhost:8081/contact" "Mozilla/5.0 (Windows NT 10.0; Win64; x64) AppleWebKit/537.36 (KHTML, like Gecko) Chrome/69.0.3497.100 Safari/537.36"
::1 - - [06/Oct/2018:15:22:54 +0000] "GET /contact HTTP/1.1" 200 5549 "http://localhost:8081/contact" "Mozilla/5.0 (Windows NT 10.0; Win64; x64) AppleWebKit/537.36 (KHTML, like Gecko) Chrome/69.0.3497.100 Safari/537.36"
::1 - - [06/Oct/2018:15:22:55 +0000] "GET / HTTP/1.1" 200 4479 "http://localhost:8081/contact" "Mozilla/5.0 (Windows NT 10.0; Win64; x64) AppleWebKit/537.36 (KHTML, like Gecko) Chrome/69.0.3497.100 Safari/537.36"
::1 - - [06/Oct/2018:15:23:00 +0000] "GET /contact HTTP/1.1" 304 - "http://localhost:8081/" "Mozilla/5.0 (Windows NT 10.0; Win64; x64) AppleWebKit/537.36 (KHTML, like Gecko) Chrome/69.0.3497.100 Safari/537.36"
::1 - - [06/Oct/2018:15:24:35 +0000] "GET / HTTP/1.1" 200 4447 "http://localhost:8081/contact" "Mozilla/5.0 (Windows NT 10.0; Win64; x64) AppleWebKit/537.36 (KHTML, like Gecko) Chrome/69.0.3497.100 Safari/537.36"
::1 - - [06/Oct/2018:15:25:59 +0000] "GET / HTTP/1.1" 200 4492 "http://localhost:8081/contact" "Mozilla/5.0 (Windows NT 10.0; Win64; x64) AppleWebKit/537.36 (KHTML, like Gecko) Chrome/69.0.3497.100 Safari/537.36"
::1 - - [06/Oct/2018:15:26:24 +0000] "GET /about HTTP/1.1" 200 4777 "http://localhost:8081/" "Mozilla/5.0 (Windows NT 10.0; Win64; x64) AppleWebKit/537.36 (KHTML, like Gecko) Chrome/69.0.3497.100 Safari/537.36"
::1 - - [06/Oct/2018:15:26:24 +0000] "GET /img/dcase.jpg HTTP/1.1" 404 152 "http://localhost:8081/about" "Mozilla/5.0 (Windows NT 10.0; Win64; x64) AppleWebKit/537.36 (KHTML, like Gecko) Chrome/69.0.3497.100 Safari/537.36"
::1 - - [06/Oct/2018:15:26:24 +0000] "GET /img/on_colden_pond.jpg HTTP/1.1" 404 161 "http://localhost:8081/about" "Mozilla/5.0 (Windows NT 10.0; Win64; x64) AppleWebKit/537.36 (KHTML, like Gecko) Chrome/69.0.3497.100 Safari/537.36"
::1 - - [06/Oct/2018:15:26:46 +0000] "GET /about HTTP/1.1" 200 4781 "http://localhost:8081/" "Mozilla/5.0 (Windows NT 10.0; Win64; x64) AppleWebKit/537.36 (KHTML, like Gecko) Chrome/69.0.3497.100 Safari/537.36"
::1 - - [06/Oct/2018:15:26:46 +0000] "GET /image/dcase.jpg HTTP/1.1" 404 154 "http://localhost:8081/about" "Mozilla/5.0 (Windows NT 10.0; Win64; x64) AppleWebKit/537.36 (KHTML, like Gecko) Chrome/69.0.3497.100 Safari/537.36"
::1 - - [06/Oct/2018:15:26:46 +0000] "GET /image/on_colden_pond.jpg HTTP/1.1" 404 163 "http://localhost:8081/about" "Mozilla/5.0 (Windows NT 10.0; Win64; x64) AppleWebKit/537.36 (KHTML, like Gecko) Chrome/69.0.3497.100 Safari/537.36"
::1 - - [06/Oct/2018:15:26:47 +0000] "GET /about HTTP/1.1" 304 - "http://localhost:8081/" "Mozilla/5.0 (Windows NT 10.0; Win64; x64) AppleWebKit/537.36 (KHTML, like Gecko) Chrome/69.0.3497.100 Safari/537.36"
::1 - - [06/Oct/2018:15:26:47 +0000] "GET /image/dcase.jpg HTTP/1.1" 404 154 "http://localhost:8081/about" "Mozilla/5.0 (Windows NT 10.0; Win64; x64) AppleWebKit/537.36 (KHTML, like Gecko) Chrome/69.0.3497.100 Safari/537.36"
::1 - - [06/Oct/2018:15:26:47 +0000] "GET /image/on_colden_pond.jpg HTTP/1.1" 404 163 "http://localhost:8081/about" "Mozilla/5.0 (Windows NT 10.0; Win64; x64) AppleWebKit/537.36 (KHTML, like Gecko) Chrome/69.0.3497.100 Safari/537.36"
::1 - - [06/Oct/2018:15:26:48 +0000] "GET / HTTP/1.1" 304 - "http://localhost:8081/about" "Mozilla/5.0 (Windows NT 10.0; Win64; x64) AppleWebKit/537.36 (KHTML, like Gecko) Chrome/69.0.3497.100 Safari/537.36"
::1 - - [06/Oct/2018:15:26:49 +0000] "GET /about HTTP/1.1" 304 - "http://localhost:8081/" "Mozilla/5.0 (Windows NT 10.0; Win64; x64) AppleWebKit/537.36 (KHTML, like Gecko) Chrome/69.0.3497.100 Safari/537.36"
::1 - - [06/Oct/2018:15:26:49 +0000] "GET /image/dcase.jpg HTTP/1.1" 404 154 "http://localhost:8081/about" "Mozilla/5.0 (Windows NT 10.0; Win64; x64) AppleWebKit/537.36 (KHTML, like Gecko) Chrome/69.0.3497.100 Safari/537.36"
::1 - - [06/Oct/2018:15:26:49 +0000] "GET /image/on_colden_pond.jpg HTTP/1.1" 404 163 "http://localhost:8081/about" "Mozilla/5.0 (Windows NT 10.0; Win64; x64) AppleWebKit/537.36 (KHTML, like Gecko) Chrome/69.0.3497.100 Safari/537.36"
::1 - - [06/Oct/2018:15:26:51 +0000] "GET /about HTTP/1.1" 304 - "http://localhost:8081/" "Mozilla/5.0 (Windows NT 10.0; Win64; x64) AppleWebKit/537.36 (KHTML, like Gecko) Chrome/69.0.3497.100 Safari/537.36"
::1 - - [06/Oct/2018:15:26:51 +0000] "GET /image/dcase.jpg HTTP/1.1" 404 154 "http://localhost:8081/about" "Mozilla/5.0 (Windows NT 10.0; Win64; x64) AppleWebKit/537.36 (KHTML, like Gecko) Chrome/69.0.3497.100 Safari/537.36"
::1 - - [06/Oct/2018:15:26:51 +0000] "GET /image/on_colden_pond.jpg HTTP/1.1" 404 163 "http://localhost:8081/about" "Mozilla/5.0 (Windows NT 10.0; Win64; x64) AppleWebKit/537.36 (KHTML, like Gecko) Chrome/69.0.3497.100 Safari/537.36"
::1 - - [06/Oct/2018:15:27:01 +0000] "GET /about HTTP/1.1" 200 4783 "http://localhost:8081/" "Mozilla/5.0 (Windows NT 10.0; Win64; x64) AppleWebKit/537.36 (KHTML, like Gecko) Chrome/69.0.3497.100 Safari/537.36"
::1 - - [06/Oct/2018:15:27:01 +0000] "GET /image/dcase.jpg HTTP/1.1" 404 154 "http://localhost:8081/about" "Mozilla/5.0 (Windows NT 10.0; Win64; x64) AppleWebKit/537.36 (KHTML, like Gecko) Chrome/69.0.3497.100 Safari/537.36"
::1 - - [06/Oct/2018:15:27:01 +0000] "GET /image/on_colden_pond.jpg HTTP/1.1" 404 163 "http://localhost:8081/about" "Mozilla/5.0 (Windows NT 10.0; Win64; x64) AppleWebKit/537.36 (KHTML, like Gecko) Chrome/69.0.3497.100 Safari/537.36"
::1 - - [06/Oct/2018:15:27:27 +0000] "GET /image/dcase.jpg HTTP/1.1" 404 154 "-" "Mozilla/5.0 (Windows NT 10.0; Win64; x64) AppleWebKit/537.36 (KHTML, like Gecko) Chrome/69.0.3497.100 Safari/537.36"
::1 - - [06/Oct/2018:15:27:49 +0000] "GET /about HTTP/1.1" 200 4783 "http://localhost:8081/" "Mozilla/5.0 (Windows NT 10.0; Win64; x64) AppleWebKit/537.36 (KHTML, like Gecko) Chrome/69.0.3497.100 Safari/537.36"
::1 - - [06/Oct/2018:15:27:54 +0000] "GET /about HTTP/1.1" 304 - "http://localhost:8081/about" "Mozilla/5.0 (Windows NT 10.0; Win64; x64) AppleWebKit/537.36 (KHTML, like Gecko) Chrome/69.0.3497.100 Safari/537.36"
::1 - - [06/Oct/2018:15:27:55 +0000] "GET /contact HTTP/1.1" 200 5562 "http://localhost:8081/about" "Mozilla/5.0 (Windows NT 10.0; Win64; x64) AppleWebKit/537.36 (KHTML, like Gecko) Chrome/69.0.3497.100 Safari/537.36"
::1 - - [06/Oct/2018:15:27:56 +0000] "GET /about HTTP/1.1" 304 - "http://localhost:8081/contact" "Mozilla/5.0 (Windows NT 10.0; Win64; x64) AppleWebKit/537.36 (KHTML, like Gecko) Chrome/69.0.3497.100 Safari/537.36"
::1 - - [06/Oct/2018:15:27:56 +0000] "GET /tic-tac-toe HTTP/1.1" 200 4803 "http://localhost:8081/about" "Mozilla/5.0 (Windows NT 10.0; Win64; x64) AppleWebKit/537.36 (KHTML, like Gecko) Chrome/69.0.3497.100 Safari/537.36"
::1 - - [06/Oct/2018:15:27:56 +0000] "GET /img/dcase.jpg HTTP/1.1" 404 152 "http://localhost:8081/tic-tac-toe" "Mozilla/5.0 (Windows NT 10.0; Win64; x64) AppleWebKit/537.36 (KHTML, like Gecko) Chrome/69.0.3497.100 Safari/537.36"
::1 - - [06/Oct/2018:15:27:56 +0000] "GET /img/on_colden_pond.jpg HTTP/1.1" 404 161 "http://localhost:8081/tic-tac-toe" "Mozilla/5.0 (Windows NT 10.0; Win64; x64) AppleWebKit/537.36 (KHTML, like Gecko) Chrome/69.0.3497.100 Safari/537.36"
::1 - - [06/Oct/2018:15:27:58 +0000] "GET / HTTP/1.1" 304 - "http://localhost:8081/tic-tac-toe" "Mozilla/5.0 (Windows NT 10.0; Win64; x64) AppleWebKit/537.36 (KHTML, like Gecko) Chrome/69.0.3497.100 Safari/537.36"
::1 - - [06/Oct/2018:15:27:59 +0000] "GET /tic-tac-toe HTTP/1.1" 304 - "http://localhost:8081/" "Mozilla/5.0 (Windows NT 10.0; Win64; x64) AppleWebKit/537.36 (KHTML, like Gecko) Chrome/69.0.3497.100 Safari/537.36"
::1 - - [06/Oct/2018:15:27:59 +0000] "GET /img/dcase.jpg HTTP/1.1" 404 152 "http://localhost:8081/tic-tac-toe" "Mozilla/5.0 (Windows NT 10.0; Win64; x64) AppleWebKit/537.36 (KHTML, like Gecko) Chrome/69.0.3497.100 Safari/537.36"
::1 - - [06/Oct/2018:15:27:59 +0000] "GET /img/on_colden_pond.jpg HTTP/1.1" 404 161 "http://localhost:8081/tic-tac-toe" "Mozilla/5.0 (Windows NT 10.0; Win64; x64) AppleWebKit/537.36 (KHTML, like Gecko) Chrome/69.0.3497.100 Safari/537.36"
::1 - - [06/Oct/2018:15:28:32 +0000] "GET /tic-tac-toe HTTP/1.1" 200 4442 "http://localhost:8081/" "Mozilla/5.0 (Windows NT 10.0; Win64; x64) AppleWebKit/537.36 (KHTML, like Gecko) Chrome/69.0.3497.100 Safari/537.36"
::1 - - [06/Oct/2018:15:28:35 +0000] "GET /tic-tac-toe HTTP/1.1" 304 - "http://localhost:8081/tic-tac-toe" "Mozilla/5.0 (Windows NT 10.0; Win64; x64) AppleWebKit/537.36 (KHTML, like Gecko) Chrome/69.0.3497.100 Safari/537.36"
::1 - - [06/Oct/2018:15:28:59 +0000] "GET /tic-tac-toe HTTP/1.1" 200 4433 "http://localhost:8081/tic-tac-toe" "Mozilla/5.0 (Windows NT 10.0; Win64; x64) AppleWebKit/537.36 (KHTML, like Gecko) Chrome/69.0.3497.100 Safari/537.36"
::1 - - [06/Oct/2018:15:29:00 +0000] "GET /tic-tac-toe HTTP/1.1" 304 - "http://localhost:8081/tic-tac-toe" "Mozilla/5.0 (Windows NT 10.0; Win64; x64) AppleWebKit/537.36 (KHTML, like Gecko) Chrome/69.0.3497.100 Safari/537.36"
::1 - - [06/Oct/2018:15:29:13 +0000] "GET /tic-tac-toe HTTP/1.1" 200 4386 "http://localhost:8081/tic-tac-toe" "Mozilla/5.0 (Windows NT 10.0; Win64; x64) AppleWebKit/537.36 (KHTML, like Gecko) Chrome/69.0.3497.100 Safari/537.36"
::1 - - [06/Oct/2018:15:29:38 +0000] "GET /tic-tac-toe HTTP/1.1" 200 4406 "http://localhost:8081/tic-tac-toe" "Mozilla/5.0 (Windows NT 10.0; Win64; x64) AppleWebKit/537.36 (KHTML, like Gecko) Chrome/69.0.3497.100 Safari/537.36"
::1 - - [06/Oct/2018:15:30:04 +0000] "GET /tic-tac-toe HTTP/1.1" 200 4449 "http://localhost:8081/tic-tac-toe" "Mozilla/5.0 (Windows NT 10.0; Win64; x64) AppleWebKit/537.36 (KHTML, like Gecko) Chrome/69.0.3497.100 Safari/537.36"
::1 - - [06/Oct/2018:15:30:39 +0000] "GET /tic-tac-toe HTTP/1.1" 200 4432 "http://localhost:8081/tic-tac-toe" "Mozilla/5.0 (Windows NT 10.0; Win64; x64) AppleWebKit/537.36 (KHTML, like Gecko) Chrome/69.0.3497.100 Safari/537.36"
::1 - - [06/Oct/2018:15:30:53 +0000] "GET /tic-tac-toe HTTP/1.1" 200 4364 "http://localhost:8081/tic-tac-toe" "Mozilla/5.0 (Windows NT 10.0; Win64; x64) AppleWebKit/537.36 (KHTML, like Gecko) Chrome/69.0.3497.100 Safari/537.36"
::1 - - [06/Oct/2018:15:31:11 +0000] "GET /tic-tac-toe HTTP/1.1" 200 4175 "http://localhost:8081/tic-tac-toe" "Mozilla/5.0 (Windows NT 10.0; Win64; x64) AppleWebKit/537.36 (KHTML, like Gecko) Chrome/69.0.3497.100 Safari/537.36"
::1 - - [06/Oct/2018:15:32:30 +0000] "GET /tic-tac-toe HTTP/1.1" 200 4221 "http://localhost:8081/tic-tac-toe" "Mozilla/5.0 (Windows NT 10.0; Win64; x64) AppleWebKit/537.36 (KHTML, like Gecko) Chrome/69.0.3497.100 Safari/537.36"
::1 - - [06/Oct/2018:15:32:32 +0000] "GET / HTTP/1.1" 200 4538 "http://localhost:8081/tic-tac-toe" "Mozilla/5.0 (Windows NT 10.0; Win64; x64) AppleWebKit/537.36 (KHTML, like Gecko) Chrome/69.0.3497.100 Safari/537.36"
::1 - - [06/Oct/2018:15:32:35 +0000] "GET /tic-tac-toe HTTP/1.1" 304 - "http://localhost:8081/" "Mozilla/5.0 (Windows NT 10.0; Win64; x64) AppleWebKit/537.36 (KHTML, like Gecko) Chrome/69.0.3497.100 Safari/537.36"
::1 - - [06/Oct/2018:15:32:36 +0000] "GET /about HTTP/1.1" 200 4829 "http://localhost:8081/tic-tac-toe" "Mozilla/5.0 (Windows NT 10.0; Win64; x64) AppleWebKit/537.36 (KHTML, like Gecko) Chrome/69.0.3497.100 Safari/537.36"
::1 - - [06/Oct/2018:15:32:38 +0000] "GET /contact HTTP/1.1" 200 5608 "http://localhost:8081/about" "Mozilla/5.0 (Windows NT 10.0; Win64; x64) AppleWebKit/537.36 (KHTML, like Gecko) Chrome/69.0.3497.100 Safari/537.36"
::1 - - [06/Oct/2018:15:32:44 +0000] "GET /tic-tac-toe HTTP/1.1" 304 - "http://localhost:8081/contact" "Mozilla/5.0 (Windows NT 10.0; Win64; x64) AppleWebKit/537.36 (KHTML, like Gecko) Chrome/69.0.3497.100 Safari/537.36"
::1 - - [06/Oct/2018:15:33:00 +0000] "GET / HTTP/1.1" 304 - "http://localhost:8081/tic-tac-toe" "Mozilla/5.0 (Windows NT 10.0; Win64; x64) AppleWebKit/537.36 (KHTML, like Gecko) Chrome/69.0.3497.100 Safari/537.36"
::1 - - [06/Oct/2018:15:35:03 +0000] "GET / HTTP/1.1" 500 2265 "http://localhost:8081/tic-tac-toe" "Mozilla/5.0 (Windows NT 10.0; Win64; x64) AppleWebKit/537.36 (KHTML, like Gecko) Chrome/69.0.3497.100 Safari/537.36"
::1 - - [06/Oct/2018:15:36:00 +0000] "GET / HTTP/1.1" 500 2265 "http://localhost:8081/tic-tac-toe" "Mozilla/5.0 (Windows NT 10.0; Win64; x64) AppleWebKit/537.36 (KHTML, like Gecko) Chrome/69.0.3497.100 Safari/537.36"
::1 - - [06/Oct/2018:15:36:00 +0000] "GET / HTTP/1.1" 500 2265 "http://localhost:8081/tic-tac-toe" "Mozilla/5.0 (Windows NT 10.0; Win64; x64) AppleWebKit/537.36 (KHTML, like Gecko) Chrome/69.0.3497.100 Safari/537.36"
::1 - - [06/Oct/2018:15:36:26 +0000] "GET / HTTP/1.1" 500 2265 "http://localhost:8081/tic-tac-toe" "Mozilla/5.0 (Windows NT 10.0; Win64; x64) AppleWebKit/537.36 (KHTML, like Gecko) Chrome/69.0.3497.100 Safari/537.36"
::1 - - [06/Oct/2018:15:36:27 +0000] "GET / HTTP/1.1" 500 2265 "http://localhost:8081/tic-tac-toe" "Mozilla/5.0 (Windows NT 10.0; Win64; x64) AppleWebKit/537.36 (KHTML, like Gecko) Chrome/69.0.3497.100 Safari/537.36"
::1 - - [06/Oct/2018:15:36:29 +0000] "GET / HTTP/1.1" 500 2265 "http://localhost:8081/tic-tac-toe" "Mozilla/5.0 (Windows NT 10.0; Win64; x64) AppleWebKit/537.36 (KHTML, like Gecko) Chrome/69.0.3497.100 Safari/537.36"
::1 - - [06/Oct/2018:15:37:51 +0000] "GET / HTTP/1.1" 500 2908 "http://localhost:8081/tic-tac-toe" "Mozilla/5.0 (Windows NT 10.0; Win64; x64) AppleWebKit/537.36 (KHTML, like Gecko) Chrome/69.0.3497.100 Safari/537.36"
::1 - - [06/Oct/2018:15:38:13 +0000] "GET / HTTP/1.1" 200 4540 "http://localhost:8081/tic-tac-toe" "Mozilla/5.0 (Windows NT 10.0; Win64; x64) AppleWebKit/537.36 (KHTML, like Gecko) Chrome/69.0.3497.100 Safari/537.36"
::1 - - [06/Oct/2018:15:38:15 +0000] "GET /tic-tac-toe HTTP/1.1" 200 1251 "http://localhost:8081/" "Mozilla/5.0 (Windows NT 10.0; Win64; x64) AppleWebKit/537.36 (KHTML, like Gecko) Chrome/69.0.3497.100 Safari/537.36"
::1 - - [06/Oct/2018:15:39:01 +0000] "GET /tic-tac-toe HTTP/1.1" 200 4220 "http://localhost:8081/" "Mozilla/5.0 (Windows NT 10.0; Win64; x64) AppleWebKit/537.36 (KHTML, like Gecko) Chrome/69.0.3497.100 Safari/537.36"
::1 - - [06/Oct/2018:15:39:03 +0000] "GET / HTTP/1.1" 200 4537 "http://localhost:8081/tic-tac-toe" "Mozilla/5.0 (Windows NT 10.0; Win64; x64) AppleWebKit/537.36 (KHTML, like Gecko) Chrome/69.0.3497.100 Safari/537.36"
::1 - - [06/Oct/2018:15:39:04 +0000] "GET /tic-tac-toe HTTP/1.1" 304 - "http://localhost:8081/" "Mozilla/5.0 (Windows NT 10.0; Win64; x64) AppleWebKit/537.36 (KHTML, like Gecko) Chrome/69.0.3497.100 Safari/537.36"
::1 - - [06/Oct/2018:15:39:06 +0000] "GET /about HTTP/1.1" 200 4828 "http://localhost:8081/tic-tac-toe" "Mozilla/5.0 (Windows NT 10.0; Win64; x64) AppleWebKit/537.36 (KHTML, like Gecko) Chrome/69.0.3497.100 Safari/537.36"
::1 - - [06/Oct/2018:15:39:07 +0000] "GET /contact HTTP/1.1" 200 5607 "http://localhost:8081/about" "Mozilla/5.0 (Windows NT 10.0; Win64; x64) AppleWebKit/537.36 (KHTML, like Gecko) Chrome/69.0.3497.100 Safari/537.36"
::1 - - [06/Oct/2018:15:39:10 +0000] "GET / HTTP/1.1" 304 - "http://localhost:8081/contact" "Mozilla/5.0 (Windows NT 10.0; Win64; x64) AppleWebKit/537.36 (KHTML, like Gecko) Chrome/69.0.3497.100 Safari/537.36"
::1 - - [06/Oct/2018:15:39:20 +0000] "GET /about HTTP/1.1" 304 - "http://localhost:8081/" "Mozilla/5.0 (Windows NT 10.0; Win64; x64) AppleWebKit/537.36 (KHTML, like Gecko) Chrome/69.0.3497.100 Safari/537.36"
::1 - - [06/Oct/2018:15:39:20 +0000] "GET /tic-tac-toe HTTP/1.1" 304 - "http://localhost:8081/" "Mozilla/5.0 (Windows NT 10.0; Win64; x64) AppleWebKit/537.36 (KHTML, like Gecko) Chrome/69.0.3497.100 Safari/537.36"
::1 - - [06/Oct/2018:15:40:46 +0000] "GET / HTTP/1.1" 200 4572 "http://localhost:8081/tic-tac-toe" "Mozilla/5.0 (Windows NT 10.0; Win64; x64) AppleWebKit/537.36 (KHTML, like Gecko) Chrome/69.0.3497.100 Safari/537.36"
::1 - - [06/Oct/2018:15:40:47 +0000] "GET /tic-tac-toe HTTP/1.1" 200 4255 "http://localhost:8081/" "Mozilla/5.0 (Windows NT 10.0; Win64; x64) AppleWebKit/537.36 (KHTML, like Gecko) Chrome/69.0.3497.100 Safari/537.36"
::1 - - [06/Oct/2018:15:40:55 +0000] "GET /tic-tac-toe HTTP/1.1" 304 - "http://localhost:8081/" "Mozilla/5.0 (Windows NT 10.0; Win64; x64) AppleWebKit/537.36 (KHTML, like Gecko) Chrome/69.0.3497.100 Safari/537.36"
::1 - - [06/Oct/2018:15:40:56 +0000] "GET /tic-tac-toe HTTP/1.1" 304 - "http://localhost:8081/tic-tac-toe" "Mozilla/5.0 (Windows NT 10.0; Win64; x64) AppleWebKit/537.36 (KHTML, like Gecko) Chrome/69.0.3497.100 Safari/537.36"
::1 - - [06/Oct/2018:15:40:58 +0000] "GET /tic-tac-toe HTTP/1.1" 304 - "http://localhost:8081/tic-tac-toe" "Mozilla/5.0 (Windows NT 10.0; Win64; x64) AppleWebKit/537.36 (KHTML, like Gecko) Chrome/69.0.3497.100 Safari/537.36"
::1 - - [06/Oct/2018:15:41:13 +0000] "GET / HTTP/1.1" 304 - "http://localhost:8081/tic-tac-toe" "Mozilla/5.0 (Windows NT 10.0; Win64; x64) AppleWebKit/537.36 (KHTML, like Gecko) Chrome/69.0.3497.100 Safari/537.36"
::1 - - [06/Oct/2018:15:41:17 +0000] "GET /tic-tac-toe HTTP/1.1" 304 - "http://localhost:8081/" "Mozilla/5.0 (Windows NT 10.0; Win64; x64) AppleWebKit/537.36 (KHTML, like Gecko) Chrome/69.0.3497.100 Safari/537.36"
::1 - - [06/Oct/2018:15:41:18 +0000] "GET /about HTTP/1.1" 200 4863 "http://localhost:8081/tic-tac-toe" "Mozilla/5.0 (Windows NT 10.0; Win64; x64) AppleWebKit/537.36 (KHTML, like Gecko) Chrome/69.0.3497.100 Safari/537.36"
::1 - - [06/Oct/2018:15:41:20 +0000] "GET /contact HTTP/1.1" 200 5642 "http://localhost:8081/about" "Mozilla/5.0 (Windows NT 10.0; Win64; x64) AppleWebKit/537.36 (KHTML, like Gecko) Chrome/69.0.3497.100 Safari/537.36"
::1 - - [06/Oct/2018:15:41:23 +0000] "GET /tic-tac-toe HTTP/1.1" 304 - "http://localhost:8081/contact" "Mozilla/5.0 (Windows NT 10.0; Win64; x64) AppleWebKit/537.36 (KHTML, like Gecko) Chrome/69.0.3497.100 Safari/537.36"
::1 - - [06/Oct/2018:15:41:25 +0000] "GET / HTTP/1.1" 304 - "http://localhost:8081/tic-tac-toe" "Mozilla/5.0 (Windows NT 10.0; Win64; x64) AppleWebKit/537.36 (KHTML, like Gecko) Chrome/69.0.3497.100 Safari/537.36"
::1 - - [06/Oct/2018:15:41:28 +0000] "GET /about HTTP/1.1" 304 - "http://localhost:8081/" "Mozilla/5.0 (Windows NT 10.0; Win64; x64) AppleWebKit/537.36 (KHTML, like Gecko) Chrome/69.0.3497.100 Safari/537.36"
::1 - - [06/Oct/2018:15:41:31 +0000] "GET /tic-tac-toe HTTP/1.1" 304 - "http://localhost:8081/about" "Mozilla/5.0 (Windows NT 10.0; Win64; x64) AppleWebKit/537.36 (KHTML, like Gecko) Chrome/69.0.3497.100 Safari/537.36"
::1 - - [06/Oct/2018:15:41:33 +0000] "GET / HTTP/1.1" 304 - "http://localhost:8081/tic-tac-toe" "Mozilla/5.0 (Windows NT 10.0; Win64; x64) AppleWebKit/537.36 (KHTML, like Gecko) Chrome/69.0.3497.100 Safari/537.36"
::1 - - [06/Oct/2018:15:41:35 +0000] "GET /contact HTTP/1.1" 304 - "http://localhost:8081/" "Mozilla/5.0 (Windows NT 10.0; Win64; x64) AppleWebKit/537.36 (KHTML, like Gecko) Chrome/69.0.3497.100 Safari/537.36"
::1 - - [06/Oct/2018:15:42:56 +0000] "GET /contact HTTP/1.1" 200 5573 "http://localhost:8081/" "Mozilla/5.0 (Windows NT 10.0; Win64; x64) AppleWebKit/537.36 (KHTML, like Gecko) Chrome/69.0.3497.100 Safari/537.36"
::1 - - [06/Oct/2018:15:42:59 +0000] "GET /tic-tac-toe HTTP/1.1" 200 4186 "http://localhost:8081/contact" "Mozilla/5.0 (Windows NT 10.0; Win64; x64) AppleWebKit/537.36 (KHTML, like Gecko) Chrome/69.0.3497.100 Safari/537.36"
::1 - - [06/Oct/2018:15:44:18 +0000] "GET / HTTP/1.1" 200 4503 "http://localhost:8081/tic-tac-toe" "Mozilla/5.0 (Windows NT 10.0; Win64; x64) AppleWebKit/537.36 (KHTML, like Gecko) Chrome/69.0.3497.100 Safari/537.36"
::1 - - [06/Oct/2018:15:45:12 +0000] "GET /about HTTP/1.1" 200 4794 "http://localhost:8081/" "Mozilla/5.0 (Windows NT 10.0; Win64; x64) AppleWebKit/537.36 (KHTML, like Gecko) Chrome/69.0.3497.100 Safari/537.36"
::1 - - [06/Oct/2018:15:45:28 +0000] "GET /tic-tac-toe HTTP/1.1" 200 4176 "http://localhost:8081/about" "Mozilla/5.0 (Windows NT 10.0; Win64; x64) AppleWebKit/537.36 (KHTML, like Gecko) Chrome/69.0.3497.100 Safari/537.36"
::1 - - [06/Oct/2018:15:45:29 +0000] "GET /tic-tac-toe HTTP/1.1" 304 - "http://localhost:8081/about" "Mozilla/5.0 (Windows NT 10.0; Win64; x64) AppleWebKit/537.36 (KHTML, like Gecko) Chrome/69.0.3497.100 Safari/537.36"
::1 - - [06/Oct/2018:15:45:37 +0000] "GET /contact HTTP/1.1" 200 5547 "http://localhost:8081/tic-tac-toe" "Mozilla/5.0 (Windows NT 10.0; Win64; x64) AppleWebKit/537.36 (KHTML, like Gecko) Chrome/69.0.3497.100 Safari/537.36"
::1 - - [06/Oct/2018:15:45:40 +0000] "GET /about HTTP/1.1" 304 - "http://localhost:8081/contact" "Mozilla/5.0 (Windows NT 10.0; Win64; x64) AppleWebKit/537.36 (KHTML, like Gecko) Chrome/69.0.3497.100 Safari/537.36"
::1 - - [06/Oct/2018:15:45:41 +0000] "GET /contact HTTP/1.1" 304 - "http://localhost:8081/about" "Mozilla/5.0 (Windows NT 10.0; Win64; x64) AppleWebKit/537.36 (KHTML, like Gecko) Chrome/69.0.3497.100 Safari/537.36"
::1 - - [06/Oct/2018:15:46:03 +0000] "GET /contact HTTP/1.1" 304 - "http://localhost:8081/about" "Mozilla/5.0 (Windows NT 10.0; Win64; x64) AppleWebKit/537.36 (KHTML, like Gecko) Chrome/69.0.3497.100 Safari/537.36"
::1 - - [06/Oct/2018:15:46:04 +0000] "GET /tic-tac-toe HTTP/1.1" 200 4176 "http://localhost:8081/contact" "Mozilla/5.0 (Windows NT 10.0; Win64; x64) AppleWebKit/537.36 (KHTML, like Gecko) Chrome/69.0.3497.100 Safari/537.36"
::1 - - [06/Oct/2018:15:46:06 +0000] "GET /contact HTTP/1.1" 304 - "http://localhost:8081/tic-tac-toe" "Mozilla/5.0 (Windows NT 10.0; Win64; x64) AppleWebKit/537.36 (KHTML, like Gecko) Chrome/69.0.3497.100 Safari/537.36"
::1 - - [06/Oct/2018:15:46:07 +0000] "GET /about HTTP/1.1" 304 - "http://localhost:8081/contact" "Mozilla/5.0 (Windows NT 10.0; Win64; x64) AppleWebKit/537.36 (KHTML, like Gecko) Chrome/69.0.3497.100 Safari/537.36"
::1 - - [06/Oct/2018:15:46:10 +0000] "GET /tic-tac-toe HTTP/1.1" 304 - "http://localhost:8081/about" "Mozilla/5.0 (Windows NT 10.0; Win64; x64) AppleWebKit/537.36 (KHTML, like Gecko) Chrome/69.0.3497.100 Safari/537.36"
::1 - - [06/Oct/2018:15:46:10 +0000] "GET / HTTP/1.1" 304 - "http://localhost:8081/tic-tac-toe" "Mozilla/5.0 (Windows NT 10.0; Win64; x64) AppleWebKit/537.36 (KHTML, like Gecko) Chrome/69.0.3497.100 Safari/537.36"
::1 - - [06/Oct/2018:16:52:39 +0000] "GET / HTTP/1.1" 200 4506 "http://localhost:8081/tic-tac-toe" "Mozilla/5.0 (Windows NT 10.0; Win64; x64) AppleWebKit/537.36 (KHTML, like Gecko) Chrome/69.0.3497.100 Safari/537.36"
::1 - - [06/Oct/2018:16:52:40 +0000] "GET / HTTP/1.1" 304 - "http://localhost:8081/tic-tac-toe" "Mozilla/5.0 (Windows NT 10.0; Win64; x64) AppleWebKit/537.36 (KHTML, like Gecko) Chrome/69.0.3497.100 Safari/537.36"
::1 - - [06/Oct/2018:16:52:41 +0000] "GET /tic-tac-toe HTTP/1.1" 200 4181 "http://localhost:8081/" "Mozilla/5.0 (Windows NT 10.0; Win64; x64) AppleWebKit/537.36 (KHTML, like Gecko) Chrome/69.0.3497.100 Safari/537.36"
::1 - - [06/Oct/2018:16:52:42 +0000] "GET /about HTTP/1.1" 200 4797 "http://localhost:8081/tic-tac-toe" "Mozilla/5.0 (Windows NT 10.0; Win64; x64) AppleWebKit/537.36 (KHTML, like Gecko) Chrome/69.0.3497.100 Safari/537.36"
::1 - - [06/Oct/2018:16:52:43 +0000] "GET /contact HTTP/1.1" 200 5550 "http://localhost:8081/about" "Mozilla/5.0 (Windows NT 10.0; Win64; x64) AppleWebKit/537.36 (KHTML, like Gecko) Chrome/69.0.3497.100 Safari/537.36"
::1 - - [06/Oct/2018:16:52:44 +0000] "GET / HTTP/1.1" 304 - "http://localhost:8081/contact" "Mozilla/5.0 (Windows NT 10.0; Win64; x64) AppleWebKit/537.36 (KHTML, like Gecko) Chrome/69.0.3497.100 Safari/537.36"
::1 - - [06/Oct/2018:17:23:30 +0000] "GET /contact HTTP/1.1" 200 5518 "http://localhost:8081/" "Mozilla/5.0 (Windows NT 10.0; Win64; x64) AppleWebKit/537.36 (KHTML, like Gecko) Chrome/69.0.3497.100 Safari/537.36"
::1 - - [06/Oct/2018:17:23:43 +0000] "POST /contact HTTP/1.1" 500 2097 "http://localhost:8081/contact" "Mozilla/5.0 (Windows NT 10.0; Win64; x64) AppleWebKit/537.36 (KHTML, like Gecko) Chrome/69.0.3497.100 Safari/537.36"
::1 - - [06/Oct/2018:17:24:40 +0000] "POST /contact HTTP/1.1" 500 2105 "http://localhost:8081/contact" "Mozilla/5.0 (Windows NT 10.0; Win64; x64) AppleWebKit/537.36 (KHTML, like Gecko) Chrome/69.0.3497.100 Safari/537.36"
::1 - - [06/Oct/2018:17:25:19 +0000] "POST /contact HTTP/1.1" - - "http://localhost:8081/contact" "Mozilla/5.0 (Windows NT 10.0; Win64; x64) AppleWebKit/537.36 (KHTML, like Gecko) Chrome/69.0.3497.100 Safari/537.36"
::1 - - [06/Oct/2018:17:25:38 +0000] "POST /contact HTTP/1.1" - - "http://localhost:8081/contact" "Mozilla/5.0 (Windows NT 10.0; Win64; x64) AppleWebKit/537.36 (KHTML, like Gecko) Chrome/69.0.3497.100 Safari/537.36"
::1 - - [06/Oct/2018:17:25:38 +0000] "GET / HTTP/1.1" 200 4474 "http://localhost:8081/contact" "Mozilla/5.0 (Linux; Android 6.0; Nexus 5 Build/MRA58N) AppleWebKit/537.36 (KHTML, like Gecko) Chrome/69.0.3497.100 Mobile Safari/537.36"
::1 - - [06/Oct/2018:17:25:44 +0000] "GET / HTTP/1.1" 304 - "http://localhost:8081/contact" "Mozilla/5.0 (Windows NT 10.0; Win64; x64) AppleWebKit/537.36 (KHTML, like Gecko) Chrome/69.0.3497.100 Safari/537.36"
::1 - - [06/Oct/2018:17:26:12 +0000] "GET /tic-tac-toe HTTP/1.1" 200 4149 "http://localhost:8081/" "Mozilla/5.0 (Windows NT 10.0; Win64; x64) AppleWebKit/537.36 (KHTML, like Gecko) Chrome/69.0.3497.100 Safari/537.36"
::1 - - [06/Oct/2018:17:26:12 +0000] "GET /about HTTP/1.1" 200 4765 "http://localhost:8081/tic-tac-toe" "Mozilla/5.0 (Windows NT 10.0; Win64; x64) AppleWebKit/537.36 (KHTML, like Gecko) Chrome/69.0.3497.100 Safari/537.36"
::1 - - [06/Oct/2018:17:26:13 +0000] "GET /contact HTTP/1.1" 304 - "http://localhost:8081/about" "Mozilla/5.0 (Windows NT 10.0; Win64; x64) AppleWebKit/537.36 (KHTML, like Gecko) Chrome/69.0.3497.100 Safari/537.36"
::1 - - [06/Oct/2018:17:26:21 +0000] "POST /contact HTTP/1.1" - - "http://localhost:8081/contact" "Mozilla/5.0 (Windows NT 10.0; Win64; x64) AppleWebKit/537.36 (KHTML, like Gecko) Chrome/69.0.3497.100 Safari/537.36"
::1 - - [06/Oct/2018:17:26:33 +0000] "POST /contact HTTP/1.1" - - "http://localhost:8081/contact" "Mozilla/5.0 (Windows NT 10.0; Win64; x64) AppleWebKit/537.36 (KHTML, like Gecko) Chrome/69.0.3497.100 Safari/537.36"
::1 - - [06/Oct/2018:17:26:33 +0000] "POST /contact HTTP/1.1" - - "http://localhost:8081/contact" "Mozilla/5.0 (Linux; Android 6.0; Nexus 5 Build/MRA58N) AppleWebKit/537.36 (KHTML, like Gecko) Chrome/69.0.3497.100 Mobile Safari/537.36"
::1 - - [06/Oct/2018:17:26:34 +0000] "POST /contact HTTP/1.1" - - "http://localhost:8081/contact" "Mozilla/5.0 (Linux; Android 6.0; Nexus 5 Build/MRA58N) AppleWebKit/537.36 (KHTML, like Gecko) Chrome/69.0.3497.100 Mobile Safari/537.36"
::1 - - [06/Oct/2018:17:26:34 +0000] "POST /contact HTTP/1.1" - - "http://localhost:8081/contact" "Mozilla/5.0 (Linux; Android 6.0; Nexus 5 Build/MRA58N) AppleWebKit/537.36 (KHTML, like Gecko) Chrome/69.0.3497.100 Mobile Safari/537.36"
::1 - - [06/Oct/2018:17:26:34 +0000] "POST /contact HTTP/1.1" - - "http://localhost:8081/contact" "Mozilla/5.0 (Linux; Android 6.0; Nexus 5 Build/MRA58N) AppleWebKit/537.36 (KHTML, like Gecko) Chrome/69.0.3497.100 Mobile Safari/537.36"
::1 - - [06/Oct/2018:17:26:34 +0000] "POST /contact HTTP/1.1" - - "http://localhost:8081/contact" "Mozilla/5.0 (Linux; Android 6.0; Nexus 5 Build/MRA58N) AppleWebKit/537.36 (KHTML, like Gecko) Chrome/69.0.3497.100 Mobile Safari/537.36"
::1 - - [06/Oct/2018:17:26:35 +0000] "POST /contact HTTP/1.1" - - "http://localhost:8081/contact" "Mozilla/5.0 (Linux; Android 6.0; Nexus 5 Build/MRA58N) AppleWebKit/537.36 (KHTML, like Gecko) Chrome/69.0.3497.100 Mobile Safari/537.36"
::1 - - [06/Oct/2018:17:26:36 +0000] "POST /contact HTTP/1.1" - - "http://localhost:8081/contact" "Mozilla/5.0 (Linux; Android 6.0; Nexus 5 Build/MRA58N) AppleWebKit/537.36 (KHTML, like Gecko) Chrome/69.0.3497.100 Mobile Safari/537.36"
::1 - - [06/Oct/2018:17:28:17 +0000] "GET /about HTTP/1.1" 200 4765 "http://localhost:8081/tic-tac-toe" "Mozilla/5.0 (Linux; Android 6.0; Nexus 5 Build/MRA58N) AppleWebKit/537.36 (KHTML, like Gecko) Chrome/69.0.3497.100 Mobile Safari/537.36"
::1 - - [06/Oct/2018:17:28:23 +0000] "GET /contact HTTP/1.1" 304 - "http://localhost:8081/about" "Mozilla/5.0 (Windows NT 10.0; Win64; x64) AppleWebKit/537.36 (KHTML, like Gecko) Chrome/69.0.3497.100 Safari/537.36"
::1 - - [06/Oct/2018:17:28:35 +0000] "POST /contact HTTP/1.1" 500 2097 "http://localhost:8081/contact" "Mozilla/5.0 (Windows NT 10.0; Win64; x64) AppleWebKit/537.36 (KHTML, like Gecko) Chrome/69.0.3497.100 Safari/537.36"
::1 - - [06/Oct/2018:17:29:09 +0000] "GET /contact HTTP/1.1" 304 - "http://localhost:8081/contact" "Mozilla/5.0 (Windows NT 10.0; Win64; x64) AppleWebKit/537.36 (KHTML, like Gecko) Chrome/69.0.3497.100 Safari/537.36"
::1 - - [06/Oct/2018:17:29:14 +0000] "POST /contact HTTP/1.1" 500 2097 "http://localhost:8081/contact" "Mozilla/5.0 (Windows NT 10.0; Win64; x64) AppleWebKit/537.36 (KHTML, like Gecko) Chrome/69.0.3497.100 Safari/537.36"
::1 - - [06/Oct/2018:17:29:40 +0000] "GET /contact HTTP/1.1" 304 - "http://localhost:8081/about" "Mozilla/5.0 (Windows NT 10.0; Win64; x64) AppleWebKit/537.36 (KHTML, like Gecko) Chrome/69.0.3497.100 Safari/537.36"
::1 - - [06/Oct/2018:17:29:49 +0000] "POST /contact HTTP/1.1" - - "http://localhost:8081/contact" "Mozilla/5.0 (Windows NT 10.0; Win64; x64) AppleWebKit/537.36 (KHTML, like Gecko) Chrome/69.0.3497.100 Safari/537.36"
::1 - - [06/Oct/2018:17:30:10 +0000] "GET /about HTTP/1.1" 200 4765 "http://localhost:8081/tic-tac-toe" "Mozilla/5.0 (Linux; Android 6.0; Nexus 5 Build/MRA58N) AppleWebKit/537.36 (KHTML, like Gecko) Chrome/69.0.3497.100 Mobile Safari/537.36"
::1 - - [06/Oct/2018:17:30:12 +0000] "GET /tic-tac-toe HTTP/1.1" 200 4149 "http://localhost:8081/" "Mozilla/5.0 (Linux; Android 6.0; Nexus 5 Build/MRA58N) AppleWebKit/537.36 (KHTML, like Gecko) Chrome/69.0.3497.100 Mobile Safari/537.36"
::1 - - [06/Oct/2018:17:30:17 +0000] "GET /tic-tac-toe HTTP/1.1" 304 - "http://localhost:8081/" "Mozilla/5.0 (Windows NT 10.0; Win64; x64) AppleWebKit/537.36 (KHTML, like Gecko) Chrome/69.0.3497.100 Safari/537.36"
::1 - - [06/Oct/2018:17:30:18 +0000] "GET /contact HTTP/1.1" 304 - "http://localhost:8081/tic-tac-toe" "Mozilla/5.0 (Windows NT 10.0; Win64; x64) AppleWebKit/537.36 (KHTML, like Gecko) Chrome/69.0.3497.100 Safari/537.36"
::1 - - [06/Oct/2018:17:30:23 +0000] "POST /contact HTTP/1.1" 500 2097 "http://localhost:8081/contact" "Mozilla/5.0 (Windows NT 10.0; Win64; x64) AppleWebKit/537.36 (KHTML, like Gecko) Chrome/69.0.3497.100 Safari/537.36"
::1 - - [06/Oct/2018:17:30:39 +0000] "POST /contact HTTP/1.1" 500 2098 "http://localhost:8081/contact" "Mozilla/5.0 (Windows NT 10.0; Win64; x64) AppleWebKit/537.36 (KHTML, like Gecko) Chrome/69.0.3497.100 Safari/537.36"
::1 - - [06/Oct/2018:17:33:09 +0000] "POST /contact HTTP/1.1" - - "http://localhost:8081/contact" "Mozilla/5.0 (Windows NT 10.0; Win64; x64) AppleWebKit/537.36 (KHTML, like Gecko) Chrome/69.0.3497.100 Safari/537.36"
::1 - - [06/Oct/2018:17:36:02 +0000] "GET /tic-tac-toe HTTP/1.1" 200 4150 "http://localhost:8081/" "Mozilla/5.0 (Linux; Android 6.0; Nexus 5 Build/MRA58N) AppleWebKit/537.36 (KHTML, like Gecko) Chrome/69.0.3497.100 Mobile Safari/537.36"
::1 - - [06/Oct/2018:17:36:04 +0000] "GET /tic-tac-toe HTTP/1.1" 200 4150 "http://localhost:8081/" "Mozilla/5.0 (Linux; Android 6.0; Nexus 5 Build/MRA58N) AppleWebKit/537.36 (KHTML, like Gecko) Chrome/69.0.3497.100 Mobile Safari/537.36"
::1 - - [06/Oct/2018:17:36:07 +0000] "GET / HTTP/1.1" 200 4439 "http://localhost:8081/tic-tac-toe" "Mozilla/5.0 (Windows NT 10.0; Win64; x64) AppleWebKit/537.36 (KHTML, like Gecko) Chrome/69.0.3497.100 Safari/537.36"
::1 - - [06/Oct/2018:17:36:08 +0000] "GET /about HTTP/1.1" 200 4730 "http://localhost:8081/" "Mozilla/5.0 (Windows NT 10.0; Win64; x64) AppleWebKit/537.36 (KHTML, like Gecko) Chrome/69.0.3497.100 Safari/537.36"
::1 - - [06/Oct/2018:17:36:09 +0000] "GET /tic-tac-toe HTTP/1.1" 304 - "http://localhost:8081/about" "Mozilla/5.0 (Windows NT 10.0; Win64; x64) AppleWebKit/537.36 (KHTML, like Gecko) Chrome/69.0.3497.100 Safari/537.36"
::1 - - [06/Oct/2018:17:36:19 +0000] "GET /contact HTTP/1.1" 200 5483 "http://localhost:8081/tic-tac-toe" "Mozilla/5.0 (Linux; Android 6.0; Nexus 5 Build/MRA58N) AppleWebKit/537.36 (KHTML, like Gecko) Chrome/69.0.3497.100 Mobile Safari/537.36"
::1 - - [06/Oct/2018:17:36:31 +0000] "POST /contact HTTP/1.1" - - "http://localhost:8081/contact" "Mozilla/5.0 (Linux; Android 6.0; Nexus 5 Build/MRA58N) AppleWebKit/537.36 (KHTML, like Gecko) Chrome/69.0.3497.100 Mobile Safari/537.36"
::1 - - [06/Oct/2018:17:38:31 +0000] "POST /contact HTTP/1.1" - - "http://localhost:8081/contact" "Mozilla/5.0 (Linux; Android 6.0; Nexus 5 Build/MRA58N) AppleWebKit/537.36 (KHTML, like Gecko) Chrome/69.0.3497.100 Mobile Safari/537.36"
::1 - - [06/Oct/2018:18:46:49 +0000] "GET / HTTP/1.1" 200 5652 "-" "Mozilla/5.0 (Windows NT 10.0; Win64; x64) AppleWebKit/537.36 (KHTML, like Gecko) Chrome/69.0.3497.100 Safari/537.36"
::1 - - [06/Oct/2018:18:46:51 +0000] "GET /contact HTTP/1.1" 200 6696 "http://localhost:8081/" "Mozilla/5.0 (Windows NT 10.0; Win64; x64) AppleWebKit/537.36 (KHTML, like Gecko) Chrome/69.0.3497.100 Safari/537.36"
::1 - - [06/Oct/2018:18:46:54 +0000] "GET /contact HTTP/1.1" 304 - "http://localhost:8081/" "Mozilla/5.0 (Windows NT 10.0; Win64; x64) AppleWebKit/537.36 (KHTML, like Gecko) Chrome/69.0.3497.100 Safari/537.36"
::1 - - [06/Oct/2018:18:46:56 +0000] "GET / HTTP/1.1" 304 - "http://localhost:8081/contact" "Mozilla/5.0 (Windows NT 10.0; Win64; x64) AppleWebKit/537.36 (KHTML, like Gecko) Chrome/69.0.3497.100 Safari/537.36"
::1 - - [06/Oct/2018:18:46:58 +0000] "GET /tic-tac-toe HTTP/1.1" 200 5363 "http://localhost:8081/" "Mozilla/5.0 (Windows NT 10.0; Win64; x64) AppleWebKit/537.36 (KHTML, like Gecko) Chrome/69.0.3497.100 Safari/537.36"
::1 - - [06/Oct/2018:18:47:00 +0000] "GET /about HTTP/1.1" 200 5943 "http://localhost:8081/tic-tac-toe" "Mozilla/5.0 (Windows NT 10.0; Win64; x64) AppleWebKit/537.36 (KHTML, like Gecko) Chrome/69.0.3497.100 Safari/537.36"
::1 - - [06/Oct/2018:18:47:01 +0000] "GET /contact HTTP/1.1" 304 - "http://localhost:8081/about" "Mozilla/5.0 (Windows NT 10.0; Win64; x64) AppleWebKit/537.36 (KHTML, like Gecko) Chrome/69.0.3497.100 Safari/537.36"
::1 - - [06/Oct/2018:18:47:02 +0000] "GET /about HTTP/1.1" 304 - "http://localhost:8081/contact" "Mozilla/5.0 (Windows NT 10.0; Win64; x64) AppleWebKit/537.36 (KHTML, like Gecko) Chrome/69.0.3497.100 Safari/537.36"
::1 - - [06/Oct/2018:18:47:03 +0000] "GET /tic-tac-toe HTTP/1.1" 304 - "http://localhost:8081/about" "Mozilla/5.0 (Windows NT 10.0; Win64; x64) AppleWebKit/537.36 (KHTML, like Gecko) Chrome/69.0.3497.100 Safari/537.36"
::1 - - [06/Oct/2018:18:47:04 +0000] "GET / HTTP/1.1" 304 - "http://localhost:8081/tic-tac-toe" "Mozilla/5.0 (Windows NT 10.0; Win64; x64) AppleWebKit/537.36 (KHTML, like Gecko) Chrome/69.0.3497.100 Safari/537.36"
::1 - - [06/Oct/2018:18:52:17 +0000] "GET / HTTP/1.1" 200 6193 "http://localhost:8081/tic-tac-toe" "Mozilla/5.0 (Windows NT 10.0; Win64; x64) AppleWebKit/537.36 (KHTML, like Gecko) Chrome/69.0.3497.100 Safari/537.36"
::1 - - [06/Oct/2018:18:52:48 +0000] "GET / HTTP/1.1" 304 - "http://localhost:8081/tic-tac-toe" "Mozilla/5.0 (Windows NT 10.0; Win64; x64) AppleWebKit/537.36 (KHTML, like Gecko) Chrome/69.0.3497.100 Safari/537.36"
::1 - - [06/Oct/2018:18:52:50 +0000] "GET / HTTP/1.1" 304 - "http://localhost:8081/tic-tac-toe" "Mozilla/5.0 (Windows NT 10.0; Win64; x64) AppleWebKit/537.36 (KHTML, like Gecko) Chrome/69.0.3497.100 Safari/537.36"
::1 - - [06/Oct/2018:18:53:48 +0000] "GET / HTTP/1.1" 200 6205 "http://localhost:8081/tic-tac-toe" "Mozilla/5.0 (Windows NT 10.0; Win64; x64) AppleWebKit/537.36 (KHTML, like Gecko) Chrome/69.0.3497.100 Safari/537.36"
::1 - - [06/Oct/2018:18:53:49 +0000] "GET / HTTP/1.1" 304 - "http://localhost:8081/tic-tac-toe" "Mozilla/5.0 (Windows NT 10.0; Win64; x64) AppleWebKit/537.36 (KHTML, like Gecko) Chrome/69.0.3497.100 Safari/537.36"
::1 - - [06/Oct/2018:18:54:10 +0000] "GET / HTTP/1.1" 200 6193 "http://localhost:8081/tic-tac-toe" "Mozilla/5.0 (Windows NT 10.0; Win64; x64) AppleWebKit/537.36 (KHTML, like Gecko) Chrome/69.0.3497.100 Safari/537.36"
::1 - - [06/Oct/2018:18:54:32 +0000] "GET /tic-tac-toe HTTP/1.1" 304 - "http://localhost:8081/" "Mozilla/5.0 (Windows NT 10.0; Win64; x64) AppleWebKit/537.36 (KHTML, like Gecko) Chrome/69.0.3497.100 Safari/537.36"
::1 - - [06/Oct/2018:18:54:33 +0000] "GET /about HTTP/1.1" 304 - "http://localhost:8081/tic-tac-toe" "Mozilla/5.0 (Windows NT 10.0; Win64; x64) AppleWebKit/537.36 (KHTML, like Gecko) Chrome/69.0.3497.100 Safari/537.36"
::1 - - [06/Oct/2018:18:54:35 +0000] "GET /contact HTTP/1.1" 304 - "http://localhost:8081/about" "Mozilla/5.0 (Windows NT 10.0; Win64; x64) AppleWebKit/537.36 (KHTML, like Gecko) Chrome/69.0.3497.100 Safari/537.36"
::1 - - [06/Oct/2018:18:56:49 +0000] "POST /contact HTTP/1.1" 500 2097 "http://localhost:8081/contact" "Mozilla/5.0 (Windows NT 10.0; Win64; x64) AppleWebKit/537.36 (KHTML, like Gecko) Chrome/69.0.3497.100 Safari/537.36"
::1 - - [06/Oct/2018:18:59:58 +0000] "GET /contact HTTP/1.1" 304 - "http://localhost:8081/about" "Mozilla/5.0 (Windows NT 10.0; Win64; x64) AppleWebKit/537.36 (KHTML, like Gecko) Chrome/69.0.3497.100 Safari/537.36"
::1 - - [06/Oct/2018:19:01:12 +0000] "GET /contact HTTP/1.1" 304 - "http://localhost:8081/about" "Mozilla/5.0 (Windows NT 10.0; Win64; x64) AppleWebKit/537.36 (KHTML, like Gecko) Chrome/69.0.3497.100 Safari/537.36"
::1 - - [06/Oct/2018:19:02:13 +0000] "POST /contact HTTP/1.1" - - "http://localhost:8081/contact" "Mozilla/5.0 (Windows NT 10.0; Win64; x64) AppleWebKit/537.36 (KHTML, like Gecko) Chrome/69.0.3497.100 Safari/537.36"
::1 - - [06/Oct/2018:19:02:13 +0000] "GET / HTTP/1.1" 304 - "http://localhost:8081/contact" "Mozilla/5.0 (Windows NT 10.0; Win64; x64) AppleWebKit/537.36 (KHTML, like Gecko) Chrome/69.0.3497.100 Safari/537.36"
::1 - - [06/Oct/2018:19:02:14 +0000] "GET /contact HTTP/1.1" 200 6603 "http://localhost:8081/" "Mozilla/5.0 (Windows NT 10.0; Win64; x64) AppleWebKit/537.36 (KHTML, like Gecko) Chrome/69.0.3497.100 Safari/537.36"
::1 - - [06/Oct/2018:19:04:21 +0000] "POST /contact HTTP/1.1" - - "http://localhost:8081/contact" "Mozilla/5.0 (Windows NT 10.0; Win64; x64) AppleWebKit/537.36 (KHTML, like Gecko) Chrome/69.0.3497.100 Safari/537.36"
::1 - - [06/Oct/2018:19:16:17 +0000] "GET / HTTP/1.1" 304 - "-" "Mozilla/5.0 (Windows NT 10.0; Win64; x64) AppleWebKit/537.36 (KHTML, like Gecko) Chrome/69.0.3497.100 Safari/537.36"
::1 - - [06/Oct/2018:19:16:21 +0000] "GET /tic-tac-toe HTTP/1.1" 304 - "http://localhost:8081/" "Mozilla/5.0 (Windows NT 10.0; Win64; x64) AppleWebKit/537.36 (KHTML, like Gecko) Chrome/69.0.3497.100 Safari/537.36"
::1 - - [06/Oct/2018:19:16:22 +0000] "GET /about HTTP/1.1" 304 - "http://localhost:8081/tic-tac-toe" "Mozilla/5.0 (Windows NT 10.0; Win64; x64) AppleWebKit/537.36 (KHTML, like Gecko) Chrome/69.0.3497.100 Safari/537.36"
::1 - - [06/Oct/2018:19:16:22 +0000] "GET /contact HTTP/1.1" 200 6636 "http://localhost:8081/about" "Mozilla/5.0 (Windows NT 10.0; Win64; x64) AppleWebKit/537.36 (KHTML, like Gecko) Chrome/69.0.3497.100 Safari/537.36"
::1 - - [06/Oct/2018:19:18:12 +0000] "POST /contact HTTP/1.1" - - "http://localhost:8081/contact" "Mozilla/5.0 (Windows NT 10.0; Win64; x64) AppleWebKit/537.36 (KHTML, like Gecko) Chrome/69.0.3497.100 Safari/537.36"
::1 - - [06/Oct/2018:19:18:12 +0000] "GET / HTTP/1.1" 304 - "-" "Mozilla/5.0 (Windows NT 10.0; Win64; x64) AppleWebKit/537.36 (KHTML, like Gecko) Chrome/69.0.3497.100 Safari/537.36"
::1 - - [06/Oct/2018:19:18:13 +0000] "GET /contact HTTP/1.1" 304 - "http://localhost:8081/" "Mozilla/5.0 (Windows NT 10.0; Win64; x64) AppleWebKit/537.36 (KHTML, like Gecko) Chrome/69.0.3497.100 Safari/537.36"
::1 - - [06/Oct/2018:19:18:24 +0000] "POST /contact HTTP/1.1" - - "http://localhost:8081/contact" "Mozilla/5.0 (Windows NT 10.0; Win64; x64) AppleWebKit/537.36 (KHTML, like Gecko) Chrome/69.0.3497.100 Safari/537.36"
::1 - - [06/Oct/2018:19:18:41 +0000] "GET /contact HTTP/1.1" 304 - "http://localhost:8081/" "Mozilla/5.0 (Windows NT 10.0; Win64; x64) AppleWebKit/537.36 (KHTML, like Gecko) Chrome/69.0.3497.100 Safari/537.36"
::1 - - [06/Oct/2018:19:19:08 +0000] "GET /contact HTTP/1.1" 304 - "http://localhost:8081/" "Mozilla/5.0 (Windows NT 10.0; Win64; x64) AppleWebKit/537.36 (KHTML, like Gecko) Chrome/69.0.3497.100 Safari/537.36"
::1 - - [06/Oct/2018:19:19:12 +0000] "POST /contact HTTP/1.1" 500 1340 "http://localhost:8081/contact" "Mozilla/5.0 (Windows NT 10.0; Win64; x64) AppleWebKit/537.36 (KHTML, like Gecko) Chrome/69.0.3497.100 Safari/537.36"
::1 - - [06/Oct/2018:19:19:27 +0000] "POST /contact HTTP/1.1" 200 12 "http://localhost:8081/contact" "Mozilla/5.0 (Windows NT 10.0; Win64; x64) AppleWebKit/537.36 (KHTML, like Gecko) Chrome/69.0.3497.100 Safari/537.36"
::1 - - [06/Oct/2018:19:19:30 +0000] "GET /contact HTTP/1.1" 200 6636 "http://localhost:8081/" "Mozilla/5.0 (Windows NT 10.0; Win64; x64) AppleWebKit/537.36 (KHTML, like Gecko) Chrome/69.0.3497.100 Safari/537.36"
::1 - - [06/Oct/2018:19:20:16 +0000] "POST /contact HTTP/1.1" 200 12 "http://localhost:8081/contact" "Mozilla/5.0 (Windows NT 10.0; Win64; x64) AppleWebKit/537.36 (KHTML, like Gecko) Chrome/69.0.3497.100 Safari/537.36"
::1 - - [06/Oct/2018:19:20:18 +0000] "GET /contact HTTP/1.1" 200 6636 "http://localhost:8081/" "Mozilla/5.0 (Windows NT 10.0; Win64; x64) AppleWebKit/537.36 (KHTML, like Gecko) Chrome/69.0.3497.100 Safari/537.36"
::1 - - [06/Oct/2018:19:26:55 +0000] "GET /contact HTTP/1.1" 304 - "http://localhost:8081/" "Mozilla/5.0 (Windows NT 10.0; Win64; x64) AppleWebKit/537.36 (KHTML, like Gecko) Chrome/69.0.3497.100 Safari/537.36"
::1 - - [06/Oct/2018:19:26:55 +0000] "GET / HTTP/1.1" 304 - "http://localhost:8081/contact" "Mozilla/5.0 (Windows NT 10.0; Win64; x64) AppleWebKit/537.36 (KHTML, like Gecko) Chrome/69.0.3497.100 Safari/537.36"
::1 - - [06/Oct/2018:19:26:56 +0000] "GET / HTTP/1.1" 304 - "http://localhost:8081/contact" "Mozilla/5.0 (Windows NT 10.0; Win64; x64) AppleWebKit/537.36 (KHTML, like Gecko) Chrome/69.0.3497.100 Safari/537.36"
::1 - - [06/Oct/2018:19:26:57 +0000] "GET /tic-tac-toe HTTP/1.1" 304 - "http://localhost:8081/" "Mozilla/5.0 (Windows NT 10.0; Win64; x64) AppleWebKit/537.36 (KHTML, like Gecko) Chrome/69.0.3497.100 Safari/537.36"
::1 - - [06/Oct/2018:19:26:58 +0000] "GET /about HTTP/1.1" 304 - "http://localhost:8081/tic-tac-toe" "Mozilla/5.0 (Windows NT 10.0; Win64; x64) AppleWebKit/537.36 (KHTML, like Gecko) Chrome/69.0.3497.100 Safari/537.36"
::1 - - [06/Oct/2018:19:26:59 +0000] "GET /contact HTTP/1.1" 304 - "http://localhost:8081/about" "Mozilla/5.0 (Windows NT 10.0; Win64; x64) AppleWebKit/537.36 (KHTML, like Gecko) Chrome/69.0.3497.100 Safari/537.36"
::1 - - [06/Oct/2018:19:27:00 +0000] "GET /contact HTTP/1.1" 304 - "http://localhost:8081/about" "Mozilla/5.0 (Windows NT 10.0; Win64; x64) AppleWebKit/537.36 (KHTML, like Gecko) Chrome/69.0.3497.100 Safari/537.36"
::1 - - [06/Oct/2018:19:27:02 +0000] "GET /about HTTP/1.1" 304 - "http://localhost:8081/contact" "Mozilla/5.0 (Windows NT 10.0; Win64; x64) AppleWebKit/537.36 (KHTML, like Gecko) Chrome/69.0.3497.100 Safari/537.36"
::1 - - [06/Oct/2018:19:32:56 +0000] "GET /about HTTP/1.1" 304 - "http://localhost:8081/contact" "Mozilla/5.0 (Windows NT 10.0; Win64; x64) AppleWebKit/537.36 (KHTML, like Gecko) Chrome/69.0.3497.100 Safari/537.36"
::1 - - [06/Oct/2018:19:32:57 +0000] "GET /contact HTTP/1.1" 304 - "http://localhost:8081/about" "Mozilla/5.0 (Windows NT 10.0; Win64; x64) AppleWebKit/537.36 (KHTML, like Gecko) Chrome/69.0.3497.100 Safari/537.36"
::1 - - [06/Oct/2018:19:34:00 +0000] "POST /contact HTTP/1.1" 200 12 "http://localhost:8081/contact" "Mozilla/5.0 (Windows NT 10.0; Win64; x64) AppleWebKit/537.36 (KHTML, like Gecko) Chrome/69.0.3497.100 Safari/537.36"
::1 - - [06/Oct/2018:19:34:02 +0000] "GET /contact HTTP/1.1" 200 6636 "http://localhost:8081/about" "Mozilla/5.0 (Windows NT 10.0; Win64; x64) AppleWebKit/537.36 (KHTML, like Gecko) Chrome/69.0.3497.100 Safari/537.36"
::1 - - [06/Oct/2018:19:34:04 +0000] "POST /contact HTTP/1.1" 200 12 "http://localhost:8081/contact" "Mozilla/5.0 (Windows NT 10.0; Win64; x64) AppleWebKit/537.36 (KHTML, like Gecko) Chrome/69.0.3497.100 Safari/537.36"
::1 - - [06/Oct/2018:19:37:28 +0000] "GET /contact HTTP/1.1" 200 6636 "http://localhost:8081/about" "Mozilla/5.0 (Windows NT 10.0; Win64; x64) AppleWebKit/537.36 (KHTML, like Gecko) Chrome/69.0.3497.100 Safari/537.36"
::1 - - [06/Oct/2018:19:37:29 +0000] "GET / HTTP/1.1" 304 - "http://localhost:8081/contact" "Mozilla/5.0 (Windows NT 10.0; Win64; x64) AppleWebKit/537.36 (KHTML, like Gecko) Chrome/69.0.3497.100 Safari/537.36"
::1 - - [06/Oct/2018:19:38:46 +0000] "GET / HTTP/1.1" 304 - "http://localhost:8081/contact" "Mozilla/5.0 (Windows NT 10.0; Win64; x64) AppleWebKit/537.36 (KHTML, like Gecko) Chrome/69.0.3497.100 Safari/537.36"
::1 - - [06/Oct/2018:19:38:47 +0000] "GET /tic-tac-toe HTTP/1.1" 304 - "http://localhost:8081/" "Mozilla/5.0 (Windows NT 10.0; Win64; x64) AppleWebKit/537.36 (KHTML, like Gecko) Chrome/69.0.3497.100 Safari/537.36"
::1 - - [06/Oct/2018:19:38:48 +0000] "GET /about HTTP/1.1" 304 - "http://localhost:8081/tic-tac-toe" "Mozilla/5.0 (Windows NT 10.0; Win64; x64) AppleWebKit/537.36 (KHTML, like Gecko) Chrome/69.0.3497.100 Safari/537.36"
::1 - - [06/Oct/2018:19:38:49 +0000] "GET /contact HTTP/1.1" 304 - "http://localhost:8081/about" "Mozilla/5.0 (Windows NT 10.0; Win64; x64) AppleWebKit/537.36 (KHTML, like Gecko) Chrome/69.0.3497.100 Safari/537.36"
::1 - - [06/Oct/2018:19:38:52 +0000] "GET / HTTP/1.1" 304 - "http://localhost:8081/contact" "Mozilla/5.0 (Windows NT 10.0; Win64; x64) AppleWebKit/537.36 (KHTML, like Gecko) Chrome/69.0.3497.100 Safari/537.36"
::1 - - [06/Oct/2018:19:39:04 +0000] "GET / HTTP/1.1" 200 6181 "http://localhost:8081/contact" "Mozilla/5.0 (Windows NT 10.0; Win64; x64) AppleWebKit/537.36 (KHTML, like Gecko) Chrome/69.0.3497.100 Safari/537.36"
::1 - - [06/Oct/2018:19:45:17 +0000] "GET / HTTP/1.1" 200 6193 "http://localhost:8081/contact" "Mozilla/5.0 (Windows NT 10.0; Win64; x64) AppleWebKit/537.36 (KHTML, like Gecko) Chrome/69.0.3497.100 Safari/537.36"
::1 - - [06/Oct/2018:19:45:17 +0000] "GET /css/bootstrap-theme.min.css HTTP/1.1" 404 166 "http://localhost:8081/" "Mozilla/5.0 (Windows NT 10.0; Win64; x64) AppleWebKit/537.36 (KHTML, like Gecko) Chrome/69.0.3497.100 Safari/537.36"
::1 - - [06/Oct/2018:19:45:33 +0000] "GET /tic-tac-toe HTTP/1.1" 304 - "http://localhost:8081/" "Mozilla/5.0 (Windows NT 10.0; Win64; x64) AppleWebKit/537.36 (KHTML, like Gecko) Chrome/69.0.3497.100 Safari/537.36"
::1 - - [06/Oct/2018:19:45:33 +0000] "GET /css/bootstrap-theme.min.css HTTP/1.1" 404 166 "http://localhost:8081/tic-tac-toe" "Mozilla/5.0 (Windows NT 10.0; Win64; x64) AppleWebKit/537.36 (KHTML, like Gecko) Chrome/69.0.3497.100 Safari/537.36"
::1 - - [06/Oct/2018:19:45:37 +0000] "GET /about HTTP/1.1" 304 - "http://localhost:8081/tic-tac-toe" "Mozilla/5.0 (Windows NT 10.0; Win64; x64) AppleWebKit/537.36 (KHTML, like Gecko) Chrome/69.0.3497.100 Safari/537.36"
::1 - - [06/Oct/2018:19:45:37 +0000] "GET /css/bootstrap-theme.min.css HTTP/1.1" 404 166 "http://localhost:8081/about" "Mozilla/5.0 (Windows NT 10.0; Win64; x64) AppleWebKit/537.36 (KHTML, like Gecko) Chrome/69.0.3497.100 Safari/537.36"
::1 - - [06/Oct/2018:19:45:42 +0000] "GET /contact HTTP/1.1" 304 - "http://localhost:8081/about" "Mozilla/5.0 (Windows NT 10.0; Win64; x64) AppleWebKit/537.36 (KHTML, like Gecko) Chrome/69.0.3497.100 Safari/537.36"
::1 - - [06/Oct/2018:19:45:42 +0000] "GET /css/bootstrap-theme.min.css HTTP/1.1" 404 166 "http://localhost:8081/contact" "Mozilla/5.0 (Windows NT 10.0; Win64; x64) AppleWebKit/537.36 (KHTML, like Gecko) Chrome/69.0.3497.100 Safari/537.36"
::1 - - [06/Oct/2018:19:49:08 +0000] "GET /tic-tac-toe HTTP/1.1" 200 5811 "http://localhost:8081/" "Mozilla/5.0 (Windows NT 10.0; Win64; x64) AppleWebKit/537.36 (KHTML, like Gecko) Chrome/69.0.3497.100 Safari/537.36"
::1 - - [06/Oct/2018:19:49:12 +0000] "GET / HTTP/1.1" 200 6641 "-" "Mozilla/5.0 (Windows NT 10.0; Win64; x64) AppleWebKit/537.36 (KHTML, like Gecko) Chrome/69.0.3497.100 Safari/537.36"
::1 - - [06/Oct/2018:19:49:13 +0000] "GET / HTTP/1.1" 304 - "-" "Mozilla/5.0 (Windows NT 10.0; Win64; x64) AppleWebKit/537.36 (KHTML, like Gecko) Chrome/69.0.3497.100 Safari/537.36"
::1 - - [06/Oct/2018:19:54:00 +0000] "GET / HTTP/1.1" 200 7592 "-" "Mozilla/5.0 (Windows NT 10.0; Win64; x64) AppleWebKit/537.36 (KHTML, like Gecko) Chrome/69.0.3497.100 Safari/537.36"
::1 - - [06/Oct/2018:19:55:29 +0000] "GET / HTTP/1.1" 200 7674 "-" "Mozilla/5.0 (Windows NT 10.0; Win64; x64) AppleWebKit/537.36 (KHTML, like Gecko) Chrome/69.0.3497.100 Safari/537.36"
::1 - - [06/Oct/2018:19:55:53 +0000] "GET / HTTP/1.1" 200 7620 "-" "Mozilla/5.0 (Windows NT 10.0; Win64; x64) AppleWebKit/537.36 (KHTML, like Gecko) Chrome/69.0.3497.100 Safari/537.36"
::1 - - [06/Oct/2018:19:56:15 +0000] "GET / HTTP/1.1" 200 7539 "-" "Mozilla/5.0 (Windows NT 10.0; Win64; x64) AppleWebKit/537.36 (KHTML, like Gecko) Chrome/69.0.3497.100 Safari/537.36"
::1 - - [06/Oct/2018:19:56:35 +0000] "GET / HTTP/1.1" 200 7592 "-" "Mozilla/5.0 (Windows NT 10.0; Win64; x64) AppleWebKit/537.36 (KHTML, like Gecko) Chrome/69.0.3497.100 Safari/537.36"
::1 - - [06/Oct/2018:19:57:08 +0000] "GET / HTTP/1.1" 200 6734 "-" "Mozilla/5.0 (Windows NT 10.0; Win64; x64) AppleWebKit/537.36 (KHTML, like Gecko) Chrome/69.0.3497.100 Safari/537.36"
::1 - - [06/Oct/2018:19:57:18 +0000] "GET / HTTP/1.1" 200 6479 "-" "Mozilla/5.0 (Windows NT 10.0; Win64; x64) AppleWebKit/537.36 (KHTML, like Gecko) Chrome/69.0.3497.100 Safari/537.36"
::1 - - [06/Oct/2018:19:57:32 +0000] "GET /tic-tac-toe HTTP/1.1" 200 5649 "http://localhost:8081/" "Mozilla/5.0 (Windows NT 10.0; Win64; x64) AppleWebKit/537.36 (KHTML, like Gecko) Chrome/69.0.3497.100 Safari/537.36"
::1 - - [06/Oct/2018:19:57:35 +0000] "GET /contact HTTP/1.1" 200 6922 "http://localhost:8081/tic-tac-toe" "Mozilla/5.0 (Windows NT 10.0; Win64; x64) AppleWebKit/537.36 (KHTML, like Gecko) Chrome/69.0.3497.100 Safari/537.36"
::1 - - [06/Oct/2018:19:57:36 +0000] "GET /about HTTP/1.1" 200 6229 "http://localhost:8081/contact" "Mozilla/5.0 (Windows NT 10.0; Win64; x64) AppleWebKit/537.36 (KHTML, like Gecko) Chrome/69.0.3497.100 Safari/537.36"
::1 - - [06/Oct/2018:19:57:37 +0000] "GET /contact HTTP/1.1" 304 - "http://localhost:8081/about" "Mozilla/5.0 (Windows NT 10.0; Win64; x64) AppleWebKit/537.36 (KHTML, like Gecko) Chrome/69.0.3497.100 Safari/537.36"
::1 - - [06/Oct/2018:20:02:22 +0000] "GET / HTTP/1.1" 200 6843 "-" "Mozilla/5.0 (Windows NT 10.0; Win64; x64) AppleWebKit/537.36 (KHTML, like Gecko) Chrome/69.0.3497.100 Safari/537.36"
::1 - - [06/Oct/2018:20:02:36 +0000] "GET / HTTP/1.1" 304 - "-" "Mozilla/5.0 (Windows NT 10.0; Win64; x64) AppleWebKit/537.36 (KHTML, like Gecko) Chrome/69.0.3497.100 Safari/537.36"
::1 - - [06/Oct/2018:20:04:07 +0000] "GET / HTTP/1.1" 304 - "-" "Mozilla/5.0 (Windows NT 10.0; Win64; x64) AppleWebKit/537.36 (KHTML, like Gecko) Chrome/69.0.3497.100 Safari/537.36"
::1 - - [06/Oct/2018:20:04:08 +0000] "GET / HTTP/1.1" 304 - "-" "Mozilla/5.0 (Windows NT 10.0; Win64; x64) AppleWebKit/537.36 (KHTML, like Gecko) Chrome/69.0.3497.100 Safari/537.36"
::1 - - [06/Oct/2018:20:04:16 +0000] "GET / HTTP/1.1" 304 - "-" "Mozilla/5.0 (Windows NT 10.0; Win64; x64) AppleWebKit/537.36 (KHTML, like Gecko) Chrome/69.0.3497.100 Safari/537.36"
::1 - - [06/Oct/2018:20:04:18 +0000] "GET /tic-tac-toe HTTP/1.1" 200 6013 "http://localhost:8081/" "Mozilla/5.0 (Windows NT 10.0; Win64; x64) AppleWebKit/537.36 (KHTML, like Gecko) Chrome/69.0.3497.100 Safari/537.36"
::1 - - [06/Oct/2018:20:04:19 +0000] "GET /about HTTP/1.1" 200 6593 "http://localhost:8081/tic-tac-toe" "Mozilla/5.0 (Windows NT 10.0; Win64; x64) AppleWebKit/537.36 (KHTML, like Gecko) Chrome/69.0.3497.100 Safari/537.36"
::1 - - [06/Oct/2018:20:04:20 +0000] "GET /tic-tac-toe HTTP/1.1" 304 - "http://localhost:8081/about" "Mozilla/5.0 (Windows NT 10.0; Win64; x64) AppleWebKit/537.36 (KHTML, like Gecko) Chrome/69.0.3497.100 Safari/537.36"
::1 - - [06/Oct/2018:20:04:21 +0000] "GET /tic-tac-toe HTTP/1.1" 304 - "http://localhost:8081/about" "Mozilla/5.0 (Windows NT 10.0; Win64; x64) AppleWebKit/537.36 (KHTML, like Gecko) Chrome/69.0.3497.100 Safari/537.36"
::1 - - [06/Oct/2018:20:04:41 +0000] "GET /tic-tac-toe HTTP/1.1" 304 - "http://localhost:8081/about" "Mozilla/5.0 (Windows NT 10.0; Win64; x64) AppleWebKit/537.36 (KHTML, like Gecko) Chrome/69.0.3497.100 Safari/537.36"
::1 - - [06/Oct/2018:20:04:54 +0000] "GET /contact HTTP/1.1" 200 7286 "http://localhost:8081/about" "Mozilla/5.0 (Windows NT 10.0; Win64; x64) AppleWebKit/537.36 (KHTML, like Gecko) Chrome/69.0.3497.100 Safari/537.36"
::1 - - [06/Oct/2018:20:06:09 +0000] "GET /tic-tac-toe HTTP/1.1" 304 - "http://localhost:8081/about" "Mozilla/5.0 (Windows NT 10.0; Win64; x64) AppleWebKit/537.36 (KHTML, like Gecko) Chrome/69.0.3497.100 Safari/537.36"
::1 - - [06/Oct/2018:20:06:12 +0000] "GET /tic-tac-toe HTTP/1.1" 304 - "http://localhost:8081/tic-tac-toe" "Mozilla/5.0 (Windows NT 10.0; Win64; x64) AppleWebKit/537.36 (KHTML, like Gecko) Chrome/69.0.3497.100 Safari/537.36"
::1 - - [06/Oct/2018:20:06:13 +0000] "GET /about HTTP/1.1" 304 - "http://localhost:8081/tic-tac-toe" "Mozilla/5.0 (Windows NT 10.0; Win64; x64) AppleWebKit/537.36 (KHTML, like Gecko) Chrome/69.0.3497.100 Safari/537.36"
::1 - - [06/Oct/2018:20:06:16 +0000] "GET /contact HTTP/1.1" 304 - "http://localhost:8081/about" "Mozilla/5.0 (Windows NT 10.0; Win64; x64) AppleWebKit/537.36 (KHTML, like Gecko) Chrome/69.0.3497.100 Safari/537.36"
::1 - - [06/Oct/2018:20:06:22 +0000] "GET /tic-tac-toe HTTP/1.1" 304 - "http://localhost:8081/contact" "Mozilla/5.0 (Windows NT 10.0; Win64; x64) AppleWebKit/537.36 (KHTML, like Gecko) Chrome/69.0.3497.100 Safari/537.36"
::1 - - [06/Oct/2018:20:06:30 +0000] "GET /tic-tac-toe HTTP/1.1" 304 - "http://localhost:8081/tic-tac-toe" "Mozilla/5.0 (Windows NT 10.0; Win64; x64) AppleWebKit/537.36 (KHTML, like Gecko) Chrome/69.0.3497.100 Safari/537.36"
::1 - - [06/Oct/2018:20:06:31 +0000] "GET /about HTTP/1.1" 304 - "http://localhost:8081/tic-tac-toe" "Mozilla/5.0 (Windows NT 10.0; Win64; x64) AppleWebKit/537.36 (KHTML, like Gecko) Chrome/69.0.3497.100 Safari/537.36"
::1 - - [06/Oct/2018:20:06:51 +0000] "GET /about HTTP/1.1" 200 6593 "http://localhost:8081/tic-tac-toe" "Mozilla/5.0 (Windows NT 10.0; Win64; x64) AppleWebKit/537.36 (KHTML, like Gecko) Chrome/69.0.3497.100 Safari/537.36"
::1 - - [06/Oct/2018:20:06:52 +0000] "GET /about HTTP/1.1" 304 - "http://localhost:8081/tic-tac-toe" "Mozilla/5.0 (Windows NT 10.0; Win64; x64) AppleWebKit/537.36 (KHTML, like Gecko) Chrome/69.0.3497.100 Safari/537.36"
::1 - - [06/Oct/2018:20:06:52 +0000] "GET / HTTP/1.1" 200 6843 "http://localhost:8081/about" "Mozilla/5.0 (Windows NT 10.0; Win64; x64) AppleWebKit/537.36 (KHTML, like Gecko) Chrome/69.0.3497.100 Safari/537.36"
::1 - - [06/Oct/2018:20:06:54 +0000] "GET / HTTP/1.1" 304 - "http://localhost:8081/" "Mozilla/5.0 (Windows NT 10.0; Win64; x64) AppleWebKit/537.36 (KHTML, like Gecko) Chrome/69.0.3497.100 Safari/537.36"
::1 - - [06/Oct/2018:20:06:54 +0000] "GET / HTTP/1.1" 304 - "http://localhost:8081/" "Mozilla/5.0 (Windows NT 10.0; Win64; x64) AppleWebKit/537.36 (KHTML, like Gecko) Chrome/69.0.3497.100 Safari/537.36"
::1 - - [06/Oct/2018:20:06:55 +0000] "GET /tic-tac-toe HTTP/1.1" 200 6013 "http://localhost:8081/" "Mozilla/5.0 (Windows NT 10.0; Win64; x64) AppleWebKit/537.36 (KHTML, like Gecko) Chrome/69.0.3497.100 Safari/537.36"
::1 - - [06/Oct/2018:20:06:56 +0000] "GET /about HTTP/1.1" 304 - "http://localhost:8081/tic-tac-toe" "Mozilla/5.0 (Windows NT 10.0; Win64; x64) AppleWebKit/537.36 (KHTML, like Gecko) Chrome/69.0.3497.100 Safari/537.36"
::1 - - [06/Oct/2018:20:06:57 +0000] "GET /contact HTTP/1.1" 200 7286 "http://localhost:8081/about" "Mozilla/5.0 (Windows NT 10.0; Win64; x64) AppleWebKit/537.36 (KHTML, like Gecko) Chrome/69.0.3497.100 Safari/537.36"
::1 - - [06/Oct/2018:20:06:57 +0000] "GET /about HTTP/1.1" 304 - "http://localhost:8081/contact" "Mozilla/5.0 (Windows NT 10.0; Win64; x64) AppleWebKit/537.36 (KHTML, like Gecko) Chrome/69.0.3497.100 Safari/537.36"
::1 - - [06/Oct/2018:20:06:58 +0000] "GET /tic-tac-toe HTTP/1.1" 304 - "http://localhost:8081/about" "Mozilla/5.0 (Windows NT 10.0; Win64; x64) AppleWebKit/537.36 (KHTML, like Gecko) Chrome/69.0.3497.100 Safari/537.36"
::1 - - [06/Oct/2018:20:07:39 +0000] "GET /tic-tac-toe HTTP/1.1" 200 6050 "http://localhost:8081/about" "Mozilla/5.0 (Windows NT 10.0; Win64; x64) AppleWebKit/537.36 (KHTML, like Gecko) Chrome/69.0.3497.100 Safari/537.36"
::1 - - [06/Oct/2018:20:07:42 +0000] "GET /tic-tac-toe HTTP/1.1" 304 - "http://localhost:8081/tic-tac-toe" "Mozilla/5.0 (Windows NT 10.0; Win64; x64) AppleWebKit/537.36 (KHTML, like Gecko) Chrome/69.0.3497.100 Safari/537.36"
::1 - - [06/Oct/2018:20:07:43 +0000] "GET /contact HTTP/1.1" 200 7323 "http://localhost:8081/tic-tac-toe" "Mozilla/5.0 (Windows NT 10.0; Win64; x64) AppleWebKit/537.36 (KHTML, like Gecko) Chrome/69.0.3497.100 Safari/537.36"
::1 - - [06/Oct/2018:20:07:44 +0000] "GET /about HTTP/1.1" 200 6630 "http://localhost:8081/contact" "Mozilla/5.0 (Windows NT 10.0; Win64; x64) AppleWebKit/537.36 (KHTML, like Gecko) Chrome/69.0.3497.100 Safari/537.36"
::1 - - [06/Oct/2018:20:07:45 +0000] "GET / HTTP/1.1" 200 6880 "http://localhost:8081/about" "Mozilla/5.0 (Windows NT 10.0; Win64; x64) AppleWebKit/537.36 (KHTML, like Gecko) Chrome/69.0.3497.100 Safari/537.36"
::1 - - [06/Oct/2018:20:08:04 +0000] "GET / HTTP/1.1" 200 6876 "http://localhost:8081/about" "Mozilla/5.0 (Windows NT 10.0; Win64; x64) AppleWebKit/537.36 (KHTML, like Gecko) Chrome/69.0.3497.100 Safari/537.36"
::1 - - [06/Oct/2018:20:08:05 +0000] "GET /tic-tac-toe HTTP/1.1" 200 6046 "http://localhost:8081/" "Mozilla/5.0 (Windows NT 10.0; Win64; x64) AppleWebKit/537.36 (KHTML, like Gecko) Chrome/69.0.3497.100 Safari/537.36"
::1 - - [06/Oct/2018:20:08:06 +0000] "GET /about HTTP/1.1" 200 6626 "http://localhost:8081/tic-tac-toe" "Mozilla/5.0 (Windows NT 10.0; Win64; x64) AppleWebKit/537.36 (KHTML, like Gecko) Chrome/69.0.3497.100 Safari/537.36"
::1 - - [06/Oct/2018:20:08:07 +0000] "GET /contact HTTP/1.1" 200 7319 "http://localhost:8081/about" "Mozilla/5.0 (Windows NT 10.0; Win64; x64) AppleWebKit/537.36 (KHTML, like Gecko) Chrome/69.0.3497.100 Safari/537.36"
::1 - - [06/Oct/2018:20:08:24 +0000] "GET /contact HTTP/1.1" 200 7330 "http://localhost:8081/about" "Mozilla/5.0 (Windows NT 10.0; Win64; x64) AppleWebKit/537.36 (KHTML, like Gecko) Chrome/69.0.3497.100 Safari/537.36"
::1 - - [06/Oct/2018:20:08:25 +0000] "GET / HTTP/1.1" 200 6887 "http://localhost:8081/contact" "Mozilla/5.0 (Windows NT 10.0; Win64; x64) AppleWebKit/537.36 (KHTML, like Gecko) Chrome/69.0.3497.100 Safari/537.36"
::1 - - [06/Oct/2018:20:08:26 +0000] "GET /tic-tac-toe HTTP/1.1" 200 6057 "http://localhost:8081/" "Mozilla/5.0 (Windows NT 10.0; Win64; x64) AppleWebKit/537.36 (KHTML, like Gecko) Chrome/69.0.3497.100 Safari/537.36"
::1 - - [06/Oct/2018:20:08:27 +0000] "GET /about HTTP/1.1" 200 6637 "http://localhost:8081/tic-tac-toe" "Mozilla/5.0 (Windows NT 10.0; Win64; x64) AppleWebKit/537.36 (KHTML, like Gecko) Chrome/69.0.3497.100 Safari/537.36"
::1 - - [06/Oct/2018:20:08:28 +0000] "GET /about HTTP/1.1" 304 - "http://localhost:8081/about" "Mozilla/5.0 (Windows NT 10.0; Win64; x64) AppleWebKit/537.36 (KHTML, like Gecko) Chrome/69.0.3497.100 Safari/537.36"
::1 - - [06/Oct/2018:20:08:28 +0000] "GET /tic-tac-toe HTTP/1.1" 304 - "http://localhost:8081/about" "Mozilla/5.0 (Windows NT 10.0; Win64; x64) AppleWebKit/537.36 (KHTML, like Gecko) Chrome/69.0.3497.100 Safari/537.36"
::1 - - [06/Oct/2018:20:08:29 +0000] "GET / HTTP/1.1" 304 - "http://localhost:8081/tic-tac-toe" "Mozilla/5.0 (Windows NT 10.0; Win64; x64) AppleWebKit/537.36 (KHTML, like Gecko) Chrome/69.0.3497.100 Safari/537.36"
::1 - - [06/Oct/2018:20:08:31 +0000] "GET / HTTP/1.1" 304 - "http://localhost:8081/" "Mozilla/5.0 (Windows NT 10.0; Win64; x64) AppleWebKit/537.36 (KHTML, like Gecko) Chrome/69.0.3497.100 Safari/537.36"
::1 - - [06/Oct/2018:20:09:06 +0000] "GET / HTTP/1.1" 200 6842 "http://localhost:8081/" "Mozilla/5.0 (Windows NT 10.0; Win64; x64) AppleWebKit/537.36 (KHTML, like Gecko) Chrome/69.0.3497.100 Safari/537.36"
::1 - - [06/Oct/2018:20:09:11 +0000] "GET /tic-tac-toe HTTP/1.1" 200 6012 "http://localhost:8081/" "Mozilla/5.0 (Windows NT 10.0; Win64; x64) AppleWebKit/537.36 (KHTML, like Gecko) Chrome/69.0.3497.100 Safari/537.36"
::1 - - [06/Oct/2018:20:09:12 +0000] "GET /about HTTP/1.1" 200 6592 "http://localhost:8081/tic-tac-toe" "Mozilla/5.0 (Windows NT 10.0; Win64; x64) AppleWebKit/537.36 (KHTML, like Gecko) Chrome/69.0.3497.100 Safari/537.36"
::1 - - [06/Oct/2018:20:09:13 +0000] "GET /contact HTTP/1.1" 200 7285 "http://localhost:8081/about" "Mozilla/5.0 (Windows NT 10.0; Win64; x64) AppleWebKit/537.36 (KHTML, like Gecko) Chrome/69.0.3497.100 Safari/537.36"
::1 - - [06/Oct/2018:20:09:13 +0000] "GET /about HTTP/1.1" 304 - "http://localhost:8081/contact" "Mozilla/5.0 (Windows NT 10.0; Win64; x64) AppleWebKit/537.36 (KHTML, like Gecko) Chrome/69.0.3497.100 Safari/537.36"
::1 - - [06/Oct/2018:20:09:39 +0000] "GET /tic-tac-toe HTTP/1.1" 200 6058 "http://localhost:8081/about" "Mozilla/5.0 (Windows NT 10.0; Win64; x64) AppleWebKit/537.36 (KHTML, like Gecko) Chrome/69.0.3497.100 Safari/537.36"
::1 - - [06/Oct/2018:20:09:46 +0000] "GET /tic-tac-toe HTTP/1.1" 304 - "http://localhost:8081/about" "Mozilla/5.0 (Windows NT 10.0; Win64; x64) AppleWebKit/537.36 (KHTML, like Gecko) Chrome/69.0.3497.100 Safari/537.36"
::1 - - [06/Oct/2018:20:09:47 +0000] "GET /tic-tac-toe HTTP/1.1" 304 - "http://localhost:8081/tic-tac-toe" "Mozilla/5.0 (Windows NT 10.0; Win64; x64) AppleWebKit/537.36 (KHTML, like Gecko) Chrome/69.0.3497.100 Safari/537.36"
::1 - - [06/Oct/2018:20:09:50 +0000] "GET / HTTP/1.1" 200 6888 "http://localhost:8081/tic-tac-toe" "Mozilla/5.0 (Windows NT 10.0; Win64; x64) AppleWebKit/537.36 (KHTML, like Gecko) Chrome/69.0.3497.100 Safari/537.36"
::1 - - [06/Oct/2018:20:09:50 +0000] "GET /tic-tac-toe HTTP/1.1" 304 - "http://localhost:8081/" "Mozilla/5.0 (Windows NT 10.0; Win64; x64) AppleWebKit/537.36 (KHTML, like Gecko) Chrome/69.0.3497.100 Safari/537.36"
::1 - - [06/Oct/2018:20:13:22 +0000] "GET / HTTP/1.1" 304 - "http://localhost:8081/tic-tac-toe" "Mozilla/5.0 (Windows NT 10.0; Win64; x64) AppleWebKit/537.36 (KHTML, like Gecko) Chrome/69.0.3497.100 Safari/537.36"
::1 - - [06/Oct/2018:20:13:29 +0000] "GET /tic-tac-toe HTTP/1.1" 304 - "http://localhost:8081/" "Mozilla/5.0 (Windows NT 10.0; Win64; x64) AppleWebKit/537.36 (KHTML, like Gecko) Chrome/69.0.3497.100 Safari/537.36"
::1 - - [06/Oct/2018:20:13:30 +0000] "GET /about HTTP/1.1" 200 6638 "http://localhost:8081/tic-tac-toe" "Mozilla/5.0 (Windows NT 10.0; Win64; x64) AppleWebKit/537.36 (KHTML, like Gecko) Chrome/69.0.3497.100 Safari/537.36"
::1 - - [06/Oct/2018:20:13:31 +0000] "GET /contact HTTP/1.1" 200 7331 "http://localhost:8081/about" "Mozilla/5.0 (Windows NT 10.0; Win64; x64) AppleWebKit/537.36 (KHTML, like Gecko) Chrome/69.0.3497.100 Safari/537.36"
::1 - - [06/Oct/2018:20:13:41 +0000] "POST /contact HTTP/1.1" 200 12 "http://localhost:8081/contact" "Mozilla/5.0 (Windows NT 10.0; Win64; x64) AppleWebKit/537.36 (KHTML, like Gecko) Chrome/69.0.3497.100 Safari/537.36"
::1 - - [06/Oct/2018:20:13:43 +0000] "GET /contact HTTP/1.1" 200 7331 "http://localhost:8081/about" "Mozilla/5.0 (Windows NT 10.0; Win64; x64) AppleWebKit/537.36 (KHTML, like Gecko) Chrome/69.0.3497.100 Safari/537.36"
::1 - - [06/Oct/2018:20:14:56 +0000] "GET /contact HTTP/1.1" 304 - "http://localhost:8081/about" "Mozilla/5.0 (Windows NT 10.0; Win64; x64) AppleWebKit/537.36 (KHTML, like Gecko) Chrome/69.0.3497.100 Safari/537.36"
::1 - - [06/Oct/2018:20:15:01 +0000] "GET / HTTP/1.1" 304 - "http://localhost:8081/contact" "Mozilla/5.0 (Windows NT 10.0; Win64; x64) AppleWebKit/537.36 (KHTML, like Gecko) Chrome/69.0.3497.100 Safari/537.36"
::1 - - [06/Oct/2018:20:15:44 +0000] "GET / HTTP/1.1" 200 6936 "http://localhost:8081/contact" "Mozilla/5.0 (Windows NT 10.0; Win64; x64) AppleWebKit/537.36 (KHTML, like Gecko) Chrome/69.0.3497.100 Safari/537.36"
::1 - - [06/Oct/2018:20:15:47 +0000] "GET /tic-tac-toe HTTP/1.1" 304 - "http://localhost:8081/" "Mozilla/5.0 (Windows NT 10.0; Win64; x64) AppleWebKit/537.36 (KHTML, like Gecko) Chrome/69.0.3497.100 Safari/537.36"
::1 - - [06/Oct/2018:20:15:48 +0000] "GET /about HTTP/1.1" 304 - "http://localhost:8081/tic-tac-toe" "Mozilla/5.0 (Windows NT 10.0; Win64; x64) AppleWebKit/537.36 (KHTML, like Gecko) Chrome/69.0.3497.100 Safari/537.36"
::1 - - [06/Oct/2018:20:15:58 +0000] "GET / HTTP/1.1" 304 - "http://localhost:8081/about" "Mozilla/5.0 (Windows NT 10.0; Win64; x64) AppleWebKit/537.36 (KHTML, like Gecko) Chrome/69.0.3497.100 Safari/537.36"
::1 - - [06/Oct/2018:20:16:01 +0000] "GET /tic-tac-toe HTTP/1.1" 304 - "http://localhost:8081/" "Mozilla/5.0 (Windows NT 10.0; Win64; x64) AppleWebKit/537.36 (KHTML, like Gecko) Chrome/69.0.3497.100 Safari/537.36"
::1 - - [06/Oct/2018:20:16:02 +0000] "GET /about HTTP/1.1" 304 - "http://localhost:8081/tic-tac-toe" "Mozilla/5.0 (Windows NT 10.0; Win64; x64) AppleWebKit/537.36 (KHTML, like Gecko) Chrome/69.0.3497.100 Safari/537.36"
::1 - - [06/Oct/2018:20:16:52 +0000] "GET /about HTTP/1.1" 304 - "http://localhost:8081/about" "Mozilla/5.0 (Windows NT 10.0; Win64; x64) AppleWebKit/537.36 (KHTML, like Gecko) Chrome/69.0.3497.100 Safari/537.36"
::1 - - [06/Oct/2018:20:17:08 +0000] "GET /about HTTP/1.1" 200 6653 "http://localhost:8081/about" "Mozilla/5.0 (Windows NT 10.0; Win64; x64) AppleWebKit/537.36 (KHTML, like Gecko) Chrome/69.0.3497.100 Safari/537.36"
::1 - - [06/Oct/2018:20:17:20 +0000] "GET /about HTTP/1.1" 200 6698 "http://localhost:8081/about" "Mozilla/5.0 (Windows NT 10.0; Win64; x64) AppleWebKit/537.36 (KHTML, like Gecko) Chrome/69.0.3497.100 Safari/537.36"
::1 - - [06/Oct/2018:20:17:35 +0000] "GET /about HTTP/1.1" 200 6683 "http://localhost:8081/about" "Mozilla/5.0 (Windows NT 10.0; Win64; x64) AppleWebKit/537.36 (KHTML, like Gecko) Chrome/69.0.3497.100 Safari/537.36"
::1 - - [06/Oct/2018:20:17:45 +0000] "GET /about HTTP/1.1" 200 6678 "http://localhost:8081/about" "Mozilla/5.0 (Windows NT 10.0; Win64; x64) AppleWebKit/537.36 (KHTML, like Gecko) Chrome/69.0.3497.100 Safari/537.36"
::1 - - [06/Oct/2018:20:17:47 +0000] "GET /about HTTP/1.1" 304 - "http://localhost:8081/about" "Mozilla/5.0 (Windows NT 10.0; Win64; x64) AppleWebKit/537.36 (KHTML, like Gecko) Chrome/69.0.3497.100 Safari/537.36"
::1 - - [06/Oct/2018:20:18:05 +0000] "GET /about HTTP/1.1" 200 6660 "http://localhost:8081/about" "Mozilla/5.0 (Windows NT 10.0; Win64; x64) AppleWebKit/537.36 (KHTML, like Gecko) Chrome/69.0.3497.100 Safari/537.36"
::1 - - [06/Oct/2018:20:18:28 +0000] "GET /about HTTP/1.1" 200 6695 "http://localhost:8081/about" "Mozilla/5.0 (Windows NT 10.0; Win64; x64) AppleWebKit/537.36 (KHTML, like Gecko) Chrome/69.0.3497.100 Safari/537.36"
::1 - - [06/Oct/2018:20:18:49 +0000] "GET /tic-tac-toe HTTP/1.1" 304 - "http://localhost:8081/about" "Mozilla/5.0 (Windows NT 10.0; Win64; x64) AppleWebKit/537.36 (KHTML, like Gecko) Chrome/69.0.3497.100 Safari/537.36"
::1 - - [06/Oct/2018:20:19:11 +0000] "GET / HTTP/1.1" 200 6934 "http://localhost:8081/tic-tac-toe" "Mozilla/5.0 (Windows NT 10.0; Win64; x64) AppleWebKit/537.36 (KHTML, like Gecko) Chrome/69.0.3497.100 Safari/537.36"
::1 - - [06/Oct/2018:20:20:41 +0000] "GET /contact HTTP/1.1" 200 7343 "http://localhost:8081/about" "Mozilla/5.0 (Windows NT 10.0; Win64; x64) AppleWebKit/537.36 (KHTML, like Gecko) Chrome/69.0.3497.100 Safari/537.36"
::ffff:10.0.0.7 - - [07/Oct/2018:03:30:25 +0000] "GET / HTTP/1.1" 200 6935 "-" "avast! Antivirus"
::1 - - [07/Oct/2018:12:07:21 +0000] "GET /contact HTTP/1.1" 200 7308 "http://localhost:8081/about" "Mozilla/5.0 (Windows NT 10.0; Win64; x64) AppleWebKit/537.36 (KHTML, like Gecko) Chrome/69.0.3497.100 Safari/537.36"
::1 - - [07/Oct/2018:12:07:29 +0000] "POST /contact HTTP/1.1" 200 5003 "http://localhost:8081/contact" "Mozilla/5.0 (Windows NT 10.0; Win64; x64) AppleWebKit/537.36 (KHTML, like Gecko) Chrome/69.0.3497.100 Safari/537.36"
::1 - - [07/Oct/2018:12:07:37 +0000] "GET /contact HTTP/1.1" 200 7308 "http://localhost:8081/contact" "Mozilla/5.0 (Windows NT 10.0; Win64; x64) AppleWebKit/537.36 (KHTML, like Gecko) Chrome/69.0.3497.100 Safari/537.36"
::1 - - [07/Oct/2018:12:07:38 +0000] "GET /about HTTP/1.1" 200 6697 "http://localhost:8081/contact" "Mozilla/5.0 (Windows NT 10.0; Win64; x64) AppleWebKit/537.36 (KHTML, like Gecko) Chrome/69.0.3497.100 Safari/537.36"
::1 - - [07/Oct/2018:12:07:41 +0000] "GET /contact HTTP/1.1" 304 - "http://localhost:8081/about" "Mozilla/5.0 (Windows NT 10.0; Win64; x64) AppleWebKit/537.36 (KHTML, like Gecko) Chrome/69.0.3497.100 Safari/537.36"
::1 - - [07/Oct/2018:12:08:02 +0000] "GET /contact HTTP/1.1" 304 - "http://localhost:8081/about" "Mozilla/5.0 (Windows NT 10.0; Win64; x64) AppleWebKit/537.36 (KHTML, like Gecko) Chrome/69.0.3497.100 Safari/537.36"
::1 - - [07/Oct/2018:12:08:08 +0000] "POST /contact HTTP/1.1" 200 4993 "http://localhost:8081/contact" "Mozilla/5.0 (Windows NT 10.0; Win64; x64) AppleWebKit/537.36 (KHTML, like Gecko) Chrome/69.0.3497.100 Safari/537.36"
::1 - - [07/Oct/2018:12:08:23 +0000] "POST /contact HTTP/1.1" 200 5003 "http://localhost:8081/contact" "Mozilla/5.0 (Windows NT 10.0; Win64; x64) AppleWebKit/537.36 (KHTML, like Gecko) Chrome/69.0.3497.100 Safari/537.36"
::1 - - [07/Oct/2018:12:08:27 +0000] "GET / HTTP/1.1" 200 6851 "http://localhost:8081/contact" "Mozilla/5.0 (Windows NT 10.0; Win64; x64) AppleWebKit/537.36 (KHTML, like Gecko) Chrome/69.0.3497.100 Safari/537.36"
::1 - - [07/Oct/2018:12:08:32 +0000] "GET /contact HTTP/1.1" 200 7308 "http://localhost:8081/" "Mozilla/5.0 (Windows NT 10.0; Win64; x64) AppleWebKit/537.36 (KHTML, like Gecko) Chrome/69.0.3497.100 Safari/537.36"
::1 - - [07/Oct/2018:12:08:42 +0000] "GET /contact HTTP/1.1" 304 - "http://localhost:8081/contact" "Mozilla/5.0 (Windows NT 10.0; Win64; x64) AppleWebKit/537.36 (KHTML, like Gecko) Chrome/69.0.3497.100 Safari/537.36"
::1 - - [07/Oct/2018:12:08:43 +0000] "GET /about HTTP/1.1" 304 - "http://localhost:8081/contact" "Mozilla/5.0 (Windows NT 10.0; Win64; x64) AppleWebKit/537.36 (KHTML, like Gecko) Chrome/69.0.3497.100 Safari/537.36"
::1 - - [07/Oct/2018:12:08:44 +0000] "GET /tic-tac-toe HTTP/1.1" 200 6067 "http://localhost:8081/about" "Mozilla/5.0 (Windows NT 10.0; Win64; x64) AppleWebKit/537.36 (KHTML, like Gecko) Chrome/69.0.3497.100 Safari/537.36"
::1 - - [07/Oct/2018:12:08:46 +0000] "GET / HTTP/1.1" 304 - "http://localhost:8081/tic-tac-toe" "Mozilla/5.0 (Windows NT 10.0; Win64; x64) AppleWebKit/537.36 (KHTML, like Gecko) Chrome/69.0.3497.100 Safari/537.36"
::1 - - [07/Oct/2018:12:08:50 +0000] "GET /tic-tac-toe HTTP/1.1" 304 - "http://localhost:8081/" "Mozilla/5.0 (Windows NT 10.0; Win64; x64) AppleWebKit/537.36 (KHTML, like Gecko) Chrome/69.0.3497.100 Safari/537.36"
::1 - - [07/Oct/2018:12:08:50 +0000] "GET /about HTTP/1.1" 304 - "http://localhost:8081/tic-tac-toe" "Mozilla/5.0 (Windows NT 10.0; Win64; x64) AppleWebKit/537.36 (KHTML, like Gecko) Chrome/69.0.3497.100 Safari/537.36"
::1 - - [07/Oct/2018:12:08:51 +0000] "GET /contact HTTP/1.1" 304 - "http://localhost:8081/about" "Mozilla/5.0 (Windows NT 10.0; Win64; x64) AppleWebKit/537.36 (KHTML, like Gecko) Chrome/69.0.3497.100 Safari/537.36"
::1 - - [07/Oct/2018:12:08:52 +0000] "GET /about HTTP/1.1" 304 - "http://localhost:8081/contact" "Mozilla/5.0 (Windows NT 10.0; Win64; x64) AppleWebKit/537.36 (KHTML, like Gecko) Chrome/69.0.3497.100 Safari/537.36"
::1 - - [07/Oct/2018:12:08:53 +0000] "GET /tic-tac-toe HTTP/1.1" 304 - "http://localhost:8081/about" "Mozilla/5.0 (Windows NT 10.0; Win64; x64) AppleWebKit/537.36 (KHTML, like Gecko) Chrome/69.0.3497.100 Safari/537.36"
::1 - - [07/Oct/2018:12:09:32 +0000] "GET /about HTTP/1.1" 304 - "http://localhost:8081/tic-tac-toe" "Mozilla/5.0 (Windows NT 10.0; Win64; x64) AppleWebKit/537.36 (KHTML, like Gecko) Chrome/69.0.3497.100 Safari/537.36"
::1 - - [07/Oct/2018:12:09:37 +0000] "GET /contact HTTP/1.1" 304 - "http://localhost:8081/about" "Mozilla/5.0 (Windows NT 10.0; Win64; x64) AppleWebKit/537.36 (KHTML, like Gecko) Chrome/69.0.3497.100 Safari/537.36"
::1 - - [07/Oct/2018:12:09:39 +0000] "GET / HTTP/1.1" 304 - "http://localhost:8081/contact" "Mozilla/5.0 (Windows NT 10.0; Win64; x64) AppleWebKit/537.36 (KHTML, like Gecko) Chrome/69.0.3497.100 Safari/537.36"
::1 - - [03/Nov/2018:13:32:51 +0000] "GET / HTTP/1.1" 200 7301 "-" "Mozilla/5.0 (Windows NT 10.0; Win64; x64) AppleWebKit/537.36 (KHTML, like Gecko) Chrome/70.0.3538.77 Safari/537.36"
::1 - - [03/Nov/2018:13:32:52 +0000] "GET /public/images/dcicons/android-icon-144x144.png HTTP/1.1" 404 185 "http://localhost:8081/" "Mozilla/5.0 (Windows NT 10.0; Win64; x64) AppleWebKit/537.36 (KHTML, like Gecko) Chrome/70.0.3538.77 Safari/537.36"
::1 - - [03/Nov/2018:13:32:54 +0000] "GET /contact HTTP/1.1" 200 7758 "http://localhost:8081/" "Mozilla/5.0 (Windows NT 10.0; Win64; x64) AppleWebKit/537.36 (KHTML, like Gecko) Chrome/70.0.3538.77 Safari/537.36"
::1 - - [03/Nov/2018:13:32:55 +0000] "GET /public/images/dcicons/android-icon-144x144.png HTTP/1.1" 404 185 "http://localhost:8081/contact" "Mozilla/5.0 (Windows NT 10.0; Win64; x64) AppleWebKit/537.36 (KHTML, like Gecko) Chrome/70.0.3538.77 Safari/537.36"
::1 - - [03/Nov/2018:13:32:56 +0000] "GET /about HTTP/1.1" 200 7147 "http://localhost:8081/contact" "Mozilla/5.0 (Windows NT 10.0; Win64; x64) AppleWebKit/537.36 (KHTML, like Gecko) Chrome/70.0.3538.77 Safari/537.36"
::1 - - [03/Nov/2018:13:32:56 +0000] "GET /public/images/dcicons/android-icon-144x144.png HTTP/1.1" 404 185 "http://localhost:8081/about" "Mozilla/5.0 (Windows NT 10.0; Win64; x64) AppleWebKit/537.36 (KHTML, like Gecko) Chrome/70.0.3538.77 Safari/537.36"
::1 - - [03/Nov/2018:13:32:57 +0000] "GET /tic-tac-toe HTTP/1.1" 200 6517 "http://localhost:8081/about" "Mozilla/5.0 (Windows NT 10.0; Win64; x64) AppleWebKit/537.36 (KHTML, like Gecko) Chrome/70.0.3538.77 Safari/537.36"
::1 - - [03/Nov/2018:13:32:57 +0000] "GET /public/images/dcicons/android-icon-144x144.png HTTP/1.1" 404 185 "http://localhost:8081/tic-tac-toe" "Mozilla/5.0 (Windows NT 10.0; Win64; x64) AppleWebKit/537.36 (KHTML, like Gecko) Chrome/70.0.3538.77 Safari/537.36"
::1 - - [03/Nov/2018:13:32:58 +0000] "GET / HTTP/1.1" 304 - "http://localhost:8081/tic-tac-toe" "Mozilla/5.0 (Windows NT 10.0; Win64; x64) AppleWebKit/537.36 (KHTML, like Gecko) Chrome/70.0.3538.77 Safari/537.36"
::1 - - [03/Nov/2018:13:32:58 +0000] "GET /public/images/dcicons/android-icon-144x144.png HTTP/1.1" 404 185 "http://localhost:8081/" "Mozilla/5.0 (Windows NT 10.0; Win64; x64) AppleWebKit/537.36 (KHTML, like Gecko) Chrome/70.0.3538.77 Safari/537.36"
::1 - - [03/Nov/2018:13:33:00 +0000] "GET / HTTP/1.1" 304 - "http://localhost:8081/" "Mozilla/5.0 (Windows NT 10.0; Win64; x64) AppleWebKit/537.36 (KHTML, like Gecko) Chrome/70.0.3538.77 Safari/537.36"
::1 - - [03/Nov/2018:13:33:00 +0000] "GET /public/images/dcicons/android-icon-144x144.png HTTP/1.1" 404 185 "http://localhost:8081/" "Mozilla/5.0 (Windows NT 10.0; Win64; x64) AppleWebKit/537.36 (KHTML, like Gecko) Chrome/70.0.3538.77 Safari/537.36"
::1 - - [03/Nov/2018:13:33:01 +0000] "GET /tic-tac-toe HTTP/1.1" 304 - "http://localhost:8081/" "Mozilla/5.0 (Windows NT 10.0; Win64; x64) AppleWebKit/537.36 (KHTML, like Gecko) Chrome/70.0.3538.77 Safari/537.36"
::1 - - [03/Nov/2018:13:33:02 +0000] "GET /public/images/dcicons/android-icon-144x144.png HTTP/1.1" 404 185 "http://localhost:8081/tic-tac-toe" "Mozilla/5.0 (Windows NT 10.0; Win64; x64) AppleWebKit/537.36 (KHTML, like Gecko) Chrome/70.0.3538.77 Safari/537.36"
::1 - - [03/Nov/2018:13:33:02 +0000] "GET /about HTTP/1.1" 304 - "http://localhost:8081/tic-tac-toe" "Mozilla/5.0 (Windows NT 10.0; Win64; x64) AppleWebKit/537.36 (KHTML, like Gecko) Chrome/70.0.3538.77 Safari/537.36"
::1 - - [03/Nov/2018:13:33:03 +0000] "GET /public/images/dcicons/android-icon-144x144.png HTTP/1.1" 404 185 "http://localhost:8081/about" "Mozilla/5.0 (Windows NT 10.0; Win64; x64) AppleWebKit/537.36 (KHTML, like Gecko) Chrome/70.0.3538.77 Safari/537.36"
::1 - - [03/Nov/2018:13:33:04 +0000] "GET /contact HTTP/1.1" 304 - "http://localhost:8081/about" "Mozilla/5.0 (Windows NT 10.0; Win64; x64) AppleWebKit/537.36 (KHTML, like Gecko) Chrome/70.0.3538.77 Safari/537.36"
::1 - - [03/Nov/2018:13:33:04 +0000] "GET /public/images/dcicons/android-icon-144x144.png HTTP/1.1" 404 185 "http://localhost:8081/contact" "Mozilla/5.0 (Windows NT 10.0; Win64; x64) AppleWebKit/537.36 (KHTML, like Gecko) Chrome/70.0.3538.77 Safari/537.36"
::1 - - [03/Nov/2018:13:34:56 +0000] "GET /contact HTTP/1.1" 200 7724 "-" "Mozilla/5.0 (Linux; Android 6.0.1; Nexus 5 Build/MRA58N) AppleWebKit/537.36(KHTML, like Gecko) Chrome/66.0.3359.30 Mobile Safari/537.36"
::1 - - [03/Nov/2018:13:34:56 +0000] "GET /public/images/dcicons/android-icon-144x144.png HTTP/1.1" 404 185 "http://localhost:8081/contact" "Mozilla/5.0 (Linux; Android 6.0.1; Nexus 5 Build/MRA58N) AppleWebKit/537.36(KHTML, like Gecko) Chrome/66.0.3359.30 Mobile Safari/537.36"
::1 - - [03/Nov/2018:13:34:59 +0000] "GET /robots.txt HTTP/1.1" 404 149 "http://localhost:8081/contact" "Mozilla/5.0 (Linux; Android 6.0.1; Nexus 5 Build/MRA58N) AppleWebKit/537.36(KHTML, like Gecko) Chrome/66.0.3359.30 Mobile Safari/537.36"
::1 - - [03/Nov/2018:13:35:00 +0000] "GET /contact HTTP/1.1" 304 - "-" "Mozilla/5.0 (Linux; Android 6.0.1; Nexus 5 Build/MRA58N) AppleWebKit/537.36(KHTML, like Gecko) Chrome/66.0.3359.30 Mobile Safari/537.36"
::1 - - [03/Nov/2018:13:35:00 +0000] "GET /public/images/dcicons/android-icon-144x144.png HTTP/1.1" 404 185 "http://localhost:8081/contact" "Mozilla/5.0 (Windows NT 10.0; Win64; x64) AppleWebKit/537.36 (KHTML, like Gecko) Chrome/70.0.3538.77 Safari/537.36"
::1 - - [03/Nov/2018:13:35:03 +0000] "GET /contact HTTP/1.1" 304 - "-" "Mozilla/5.0 (Linux; Android 6.0.1; Nexus 5 Build/MRA58N) AppleWebKit/537.36(KHTML, like Gecko) Chrome/66.0.3359.30 Mobile Safari/537.36"
::1 - - [03/Nov/2018:13:35:05 +0000] "GET /contact HTTP/1.1" 200 7724 "-" "Mozilla/5.0 (Linux; Android 8.0.0; Nexus 5X Build/OPR4.170623.006) AppleWebKit/537.36 (KHTML, like Gecko) Chrome/70.0.3538.77 Mobile Safari/537.36"
::1 - - [03/Nov/2018:13:35:05 +0000] "GET /bootstrap.min.css.map HTTP/1.1" 404 160 "-" "Mozilla/5.0 (Linux; Android 8.0.0; Nexus 5X Build/OPR4.170623.006) AppleWebKit/537.36 (KHTML, like Gecko) Chrome/70.0.3538.77 Mobile Safari/537.36"
::1 - - [03/Nov/2018:13:35:06 +0000] "GET /public/images/dcicons/android-icon-144x144.png HTTP/1.1" 404 185 "http://localhost:8081/contact" "Mozilla/5.0 (Linux; Android 8.0.0; Nexus 5X Build/OPR4.170623.006) AppleWebKit/537.36 (KHTML, like Gecko) Chrome/70.0.3538.77 Mobile Safari/537.36"
::1 - - [03/Nov/2018:13:37:32 +0000] "GET /contact HTTP/1.1" 200 7748 "-" "Mozilla/5.0 (Linux; Android 8.0.0; Nexus 5X Build/OPR4.170623.006) AppleWebKit/537.36 (KHTML, like Gecko) Chrome/70.0.3538.77 Mobile Safari/537.36"
::1 - - [03/Nov/2018:13:38:03 +0000] "GET /contact HTTP/1.1" 200 7724 "-" "Mozilla/5.0 (Linux; Android 8.0.0; Nexus 5X Build/OPR4.170623.006) AppleWebKit/537.36 (KHTML, like Gecko) Chrome/70.0.3538.77 Mobile Safari/537.36"
::1 - - [03/Nov/2018:13:38:03 +0000] "GET /public/images/dcicons/android-icon-144x144.png HTTP/1.1" 404 185 "http://localhost:8081/contact" "Mozilla/5.0 (Linux; Android 8.0.0; Nexus 5X Build/OPR4.170623.006) AppleWebKit/537.36 (KHTML, like Gecko) Chrome/70.0.3538.77 Mobile Safari/537.36"
::1 - - [03/Nov/2018:13:39:03 +0000] "GET / HTTP/1.1" 200 7267 "http://localhost:8081/contact" "Mozilla/5.0 (Windows NT 10.0; Win64; x64) AppleWebKit/537.36 (KHTML, like Gecko) Chrome/70.0.3538.77 Safari/537.36"
::1 - - [03/Nov/2018:13:39:03 +0000] "GET /public/images/dcicons/android-icon-144x144.png HTTP/1.1" 404 185 "http://localhost:8081/" "Mozilla/5.0 (Windows NT 10.0; Win64; x64) AppleWebKit/537.36 (KHTML, like Gecko) Chrome/70.0.3538.77 Safari/537.36"
::1 - - [03/Nov/2018:13:39:30 +0000] "GET /contact HTTP/1.1" 304 - "http://localhost:8081/" "Mozilla/5.0 (Windows NT 10.0; Win64; x64) AppleWebKit/537.36 (KHTML, like Gecko) Chrome/70.0.3538.77 Safari/537.36"
::1 - - [03/Nov/2018:13:39:30 +0000] "GET /public/images/dcicons/android-icon-144x144.png HTTP/1.1" 404 185 "http://localhost:8081/contact" "Mozilla/5.0 (Windows NT 10.0; Win64; x64) AppleWebKit/537.36 (KHTML, like Gecko) Chrome/70.0.3538.77 Safari/537.36"
::1 - - [03/Nov/2018:15:47:59 +0000] "GET / HTTP/1.1" 200 7369 "-" "Mozilla/5.0 (Windows NT 10.0; Win64; x64) AppleWebKit/537.36 (KHTML, like Gecko) Chrome/70.0.3538.77 Safari/537.36"
::1 - - [03/Nov/2018:15:48:00 +0000] "GET /public/images/dcicons/android-icon-144x144.png HTTP/1.1" 404 185 "http://localhost:8081/" "Mozilla/5.0 (Windows NT 10.0; Win64; x64) AppleWebKit/537.36 (KHTML, like Gecko) Chrome/70.0.3538.77 Safari/537.36"
::1 - - [03/Nov/2018:15:48:01 +0000] "GET /contact HTTP/1.1" 200 7826 "http://localhost:8081/" "Mozilla/5.0 (Windows NT 10.0; Win64; x64) AppleWebKit/537.36 (KHTML, like Gecko) Chrome/70.0.3538.77 Safari/537.36"
::1 - - [03/Nov/2018:15:48:01 +0000] "GET /public/images/dcicons/android-icon-144x144.png HTTP/1.1" 404 185 "http://localhost:8081/contact" "Mozilla/5.0 (Windows NT 10.0; Win64; x64) AppleWebKit/537.36 (KHTML, like Gecko) Chrome/70.0.3538.77 Safari/537.36"
::1 - - [03/Nov/2018:15:48:07 +0000] "POST /contact HTTP/1.1" 200 5517 "http://localhost:8081/contact" "Mozilla/5.0 (Windows NT 10.0; Win64; x64) AppleWebKit/537.36 (KHTML, like Gecko) Chrome/70.0.3538.77 Safari/537.36"
::1 - - [03/Nov/2018:15:48:07 +0000] "GET /public/images/dcicons/android-icon-144x144.png HTTP/1.1" 404 185 "http://localhost:8081/contact" "Mozilla/5.0 (Windows NT 10.0; Win64; x64) AppleWebKit/537.36 (KHTML, like Gecko) Chrome/70.0.3538.77 Safari/537.36"
::1 - - [03/Nov/2018:15:48:08 +0000] "GET / HTTP/1.1" 304 - "http://localhost:8081/contact" "Mozilla/5.0 (Windows NT 10.0; Win64; x64) AppleWebKit/537.36 (KHTML, like Gecko) Chrome/70.0.3538.77 Safari/537.36"
::1 - - [03/Nov/2018:15:48:08 +0000] "GET /public/images/dcicons/android-icon-144x144.png HTTP/1.1" 404 185 "http://localhost:8081/" "Mozilla/5.0 (Windows NT 10.0; Win64; x64) AppleWebKit/537.36 (KHTML, like Gecko) Chrome/70.0.3538.77 Safari/537.36"
::1 - - [03/Nov/2018:16:03:19 +0000] "GET / HTTP/1.1" 304 - "-" "Mozilla/5.0 (Windows NT 10.0; Win64; x64) AppleWebKit/537.36 (KHTML, like Gecko) Chrome/70.0.3538.77 Safari/537.36"
::1 - - [03/Nov/2018:16:03:19 +0000] "GET /public/images/dcicons/android-icon-144x144.png HTTP/1.1" 404 185 "http://localhost:8081/" "Mozilla/5.0 (Windows NT 10.0; Win64; x64) AppleWebKit/537.36 (KHTML, like Gecko) Chrome/70.0.3538.77 Safari/537.36"
::1 - - [03/Nov/2018:16:03:22 +0000] "GET /contact HTTP/1.1" 200 7826 "http://localhost:8081/" "Mozilla/5.0 (Windows NT 10.0; Win64; x64) AppleWebKit/537.36 (KHTML, like Gecko) Chrome/70.0.3538.77 Safari/537.36"
::1 - - [03/Nov/2018:16:03:22 +0000] "GET /public/images/dcicons/android-icon-144x144.png HTTP/1.1" 404 185 "http://localhost:8081/contact" "Mozilla/5.0 (Windows NT 10.0; Win64; x64) AppleWebKit/537.36 (KHTML, like Gecko) Chrome/70.0.3538.77 Safari/537.36"
::1 - - [03/Nov/2018:16:03:31 +0000] "POST /contact HTTP/1.1" 200 5517 "http://localhost:8081/contact" "Mozilla/5.0 (Windows NT 10.0; Win64; x64) AppleWebKit/537.36 (KHTML, like Gecko) Chrome/70.0.3538.77 Safari/537.36"
::1 - - [03/Nov/2018:16:03:31 +0000] "GET /public/images/dcicons/android-icon-144x144.png HTTP/1.1" 404 185 "http://localhost:8081/contact" "Mozilla/5.0 (Windows NT 10.0; Win64; x64) AppleWebKit/537.36 (KHTML, like Gecko) Chrome/70.0.3538.77 Safari/537.36"
::1 - - [03/Nov/2018:16:11:53 +0000] "GET / HTTP/1.1" 304 - "-" "Mozilla/5.0 (Windows NT 10.0; Win64; x64) AppleWebKit/537.36 (KHTML, like Gecko) Chrome/70.0.3538.77 Safari/537.36"
::1 - - [03/Nov/2018:16:11:54 +0000] "GET /public/images/dcicons/android-icon-144x144.png HTTP/1.1" 404 185 "http://localhost:8081/" "Mozilla/5.0 (Windows NT 10.0; Win64; x64) AppleWebKit/537.36 (KHTML, like Gecko) Chrome/70.0.3538.77 Safari/537.36"
::1 - - [03/Nov/2018:16:11:56 +0000] "GET /contact HTTP/1.1" 200 7826 "http://localhost:8081/" "Mozilla/5.0 (Windows NT 10.0; Win64; x64) AppleWebKit/537.36 (KHTML, like Gecko) Chrome/70.0.3538.77 Safari/537.36"
::1 - - [03/Nov/2018:16:11:56 +0000] "GET /public/images/dcicons/android-icon-144x144.png HTTP/1.1" 404 185 "http://localhost:8081/contact" "Mozilla/5.0 (Windows NT 10.0; Win64; x64) AppleWebKit/537.36 (KHTML, like Gecko) Chrome/70.0.3538.77 Safari/537.36"
